[0.016s] Invoking command in '/home/nobel/drone_ws/build/drone_bringup': CMAKE_PREFIX_PATH=${CMAKE_PREFIX_PATH}:/home/nobel/drone_ws/install/drone_control:/opt/ros/humble /usr/bin/cmake --build /home/nobel/drone_ws/build/drone_bringup -- -j16 -l16
[0.246s] Invoked command in '/home/nobel/drone_ws/build/drone_bringup' returned '0': CMAKE_PREFIX_PATH=${CMAKE_PREFIX_PATH}:/home/nobel/drone_ws/install/drone_control:/opt/ros/humble /usr/bin/cmake --build /home/nobel/drone_ws/build/drone_bringup -- -j16 -l16
[0.254s] Invoking command in '/home/nobel/drone_ws/build/drone_bringup': CMAKE_PREFIX_PATH=${CMAKE_PREFIX_PATH}:/home/nobel/drone_ws/install/drone_control:/opt/ros/humble /usr/bin/cmake --install /home/nobel/drone_ws/build/drone_bringup
[0.260s] -- Install configuration: ""
[0.260s] -- Up-to-date: /home/nobel/drone_ws/install/drone_bringup/share/drone_bringup/launch
[0.260s] -- Up-to-date: /home/nobel/drone_ws/install/drone_bringup/share/drone_bringup/launch/multi_drone.launch.xml
[0.260s] -- Up-to-date: /home/nobel/drone_ws/install/drone_bringup/share/drone_bringup/launch/drone.launch.xml
[0.260s] -- Up-to-date: /home/nobel/drone_ws/install/drone_bringup/share/ament_index/resource_index/package_run_dependencies/drone_bringup
[0.260s] -- Up-to-date: /home/nobel/drone_ws/install/drone_bringup/share/ament_index/resource_index/parent_prefix_path/drone_bringup
[0.260s] -- Up-to-date: /home/nobel/drone_ws/install/drone_bringup/share/drone_bringup/environment/ament_prefix_path.sh
[0.260s] -- Up-to-date: /home/nobel/drone_ws/install/drone_bringup/share/drone_bringup/environment/ament_prefix_path.dsv
[0.261s] -- Up-to-date: /home/nobel/drone_ws/install/drone_bringup/share/drone_bringup/environment/path.sh
[0.261s] -- Up-to-date: /home/nobel/drone_ws/install/drone_bringup/share/drone_bringup/environment/path.dsv
[0.261s] -- Up-to-date: /home/nobel/drone_ws/install/drone_bringup/share/drone_bringup/local_setup.bash
[0.261s] -- Up-to-date: /home/nobel/drone_ws/install/drone_bringup/share/drone_bringup/local_setup.sh
[0.261s] -- Up-to-date: /home/nobel/drone_ws/install/drone_bringup/share/drone_bringup/local_setup.zsh
[0.261s] -- Up-to-date: /home/nobel/drone_ws/install/drone_bringup/share/drone_bringup/local_setup.dsv
[0.261s] -- Installing: /home/nobel/drone_ws/install/drone_bringup/share/drone_bringup/package.dsv
[0.261s] -- Up-to-date: /home/nobel/drone_ws/install/drone_bringup/share/ament_index/resource_index/packages/drone_bringup
[0.261s] -- Up-to-date: /home/nobel/drone_ws/install/drone_bringup/share/drone_bringup/cmake/drone_bringupConfig.cmake
[0.261s] -- Up-to-date: /home/nobel/drone_ws/install/drone_bringup/share/drone_bringup/cmake/drone_bringupConfig-version.cmake
[0.261s] -- Up-to-date: /home/nobel/drone_ws/install/drone_bringup/share/drone_bringup/package.xml
[0.262s] Invoked command in '/home/nobel/drone_ws/build/drone_bringup' returned '0': CMAKE_PREFIX_PATH=${CMAKE_PREFIX_PATH}:/home/nobel/drone_ws/install/drone_control:/opt/ros/humble /usr/bin/cmake --install /home/nobel/drone_ws/build/drone_bringup
