[0.058s] DEBUG:colcon:Command line arguments: ['/usr/bin/colcon', 'build']
[0.058s] DEBUG:colcon:Parsed command line arguments: Namespace(log_base=None, log_level=None, verb_name='build', build_base='build', install_base='install', merge_install=False, symlink_install=False, test_result_base=None, continue_on_error=False, executor='parallel', parallel_workers=16, event_handlers=None, ignore_user_meta=False, metas=['./colcon.meta'], base_paths=['.'], packages_ignore=None, packages_ignore_regex=None, paths=None, packages_up_to=None, packages_up_to_regex=None, packages_above=None, packages_above_and_dependencies=None, packages_above_depth=None, packages_select_by_dep=None, packages_skip_by_dep=None, packages_skip_up_to=None, packages_select_build_failed=False, packages_skip_build_finished=False, packages_select_test_failures=False, packages_skip_test_passed=False, packages_select=None, packages_skip=None, packages_select_regex=None, packages_skip_regex=None, packages_start=None, packages_end=None, allow_overriding=[], cmake_args=None, cmake_target=None, cmake_target_skip_unavailable=False, cmake_clean_cache=False, cmake_clean_first=False, cmake_force_configure=False, ament_cmake_args=None, catkin_cmake_args=None, catkin_skip_building_tests=False, verb_parser=<colcon_defaults.argument_parser.defaults.DefaultArgumentsDecorator object at 0x7fa0ac281150>, verb_extension=<colcon_core.verb.build.BuildVerb object at 0x7fa0ac280c40>, main=<bound method BuildVerb.main of <colcon_core.verb.build.BuildVerb object at 0x7fa0ac280c40>>)
[0.165s] Level 1:colcon.colcon_core.package_discovery:discover_packages(colcon_meta) check parameters
[0.165s] Level 1:colcon.colcon_core.package_discovery:discover_packages(recursive) check parameters
[0.165s] Level 1:colcon.colcon_core.package_discovery:discover_packages(ignore) check parameters
[0.165s] Level 1:colcon.colcon_core.package_discovery:discover_packages(path) check parameters
[0.165s] Level 1:colcon.colcon_core.package_discovery:discover_packages(colcon_meta) discover
[0.165s] Level 1:colcon.colcon_core.package_discovery:discover_packages(recursive) discover
[0.165s] INFO:colcon.colcon_core.package_discovery:Crawling recursively for packages in '/home/nobel/drone_ws'
[0.165s] Level 1:colcon.colcon_core.package_identification:_identify(.) by extensions ['ignore', 'ignore_ament_install']
[0.165s] Level 1:colcon.colcon_core.package_identification:_identify(.) by extension 'ignore'
[0.165s] Level 1:colcon.colcon_core.package_identification:_identify(.) by extension 'ignore_ament_install'
[0.166s] Level 1:colcon.colcon_core.package_identification:_identify(.) by extensions ['colcon_pkg']
[0.166s] Level 1:colcon.colcon_core.package_identification:_identify(.) by extension 'colcon_pkg'
[0.166s] Level 1:colcon.colcon_core.package_identification:_identify(.) by extensions ['colcon_meta']
[0.166s] Level 1:colcon.colcon_core.package_identification:_identify(.) by extension 'colcon_meta'
[0.166s] Level 1:colcon.colcon_core.package_identification:_identify(.) by extensions ['ros']
[0.166s] Level 1:colcon.colcon_core.package_identification:_identify(.) by extension 'ros'
[0.185s] Level 1:colcon.colcon_core.package_identification:_identify(.) by extensions ['cmake', 'python']
[0.185s] Level 1:colcon.colcon_core.package_identification:_identify(.) by extension 'cmake'
[0.185s] Level 1:colcon.colcon_core.package_identification:_identify(.) by extension 'python'
[0.185s] Level 1:colcon.colcon_core.package_identification:_identify(.) by extensions ['python_setup_py']
[0.185s] Level 1:colcon.colcon_core.package_identification:_identify(.) by extension 'python_setup_py'
[0.185s] Level 1:colcon.colcon_core.package_identification:_identify(build) by extensions ['ignore', 'ignore_ament_install']
[0.186s] Level 1:colcon.colcon_core.package_identification:_identify(build) by extension 'ignore'
[0.186s] Level 1:colcon.colcon_core.package_identification:_identify(build) ignored
[0.186s] Level 1:colcon.colcon_core.package_identification:_identify(install) by extensions ['ignore', 'ignore_ament_install']
[0.186s] Level 1:colcon.colcon_core.package_identification:_identify(install) by extension 'ignore'
[0.186s] Level 1:colcon.colcon_core.package_identification:_identify(install) ignored
[0.186s] Level 1:colcon.colcon_core.package_identification:_identify(log) by extensions ['ignore', 'ignore_ament_install']
[0.186s] Level 1:colcon.colcon_core.package_identification:_identify(log) by extension 'ignore'
[0.186s] Level 1:colcon.colcon_core.package_identification:_identify(log) ignored
[0.186s] Level 1:colcon.colcon_core.package_identification:_identify(src) by extensions ['ignore', 'ignore_ament_install']
[0.186s] Level 1:colcon.colcon_core.package_identification:_identify(src) by extension 'ignore'
[0.186s] Level 1:colcon.colcon_core.package_identification:_identify(src) by extension 'ignore_ament_install'
[0.186s] Level 1:colcon.colcon_core.package_identification:_identify(src) by extensions ['colcon_pkg']
[0.186s] Level 1:colcon.colcon_core.package_identification:_identify(src) by extension 'colcon_pkg'
[0.186s] Level 1:colcon.colcon_core.package_identification:_identify(src) by extensions ['colcon_meta']
[0.186s] Level 1:colcon.colcon_core.package_identification:_identify(src) by extension 'colcon_meta'
[0.186s] Level 1:colcon.colcon_core.package_identification:_identify(src) by extensions ['ros']
[0.186s] Level 1:colcon.colcon_core.package_identification:_identify(src) by extension 'ros'
[0.186s] Level 1:colcon.colcon_core.package_identification:_identify(src) by extensions ['cmake', 'python']
[0.186s] Level 1:colcon.colcon_core.package_identification:_identify(src) by extension 'cmake'
[0.186s] Level 1:colcon.colcon_core.package_identification:_identify(src) by extension 'python'
[0.186s] Level 1:colcon.colcon_core.package_identification:_identify(src) by extensions ['python_setup_py']
[0.186s] Level 1:colcon.colcon_core.package_identification:_identify(src) by extension 'python_setup_py'
[0.186s] Level 1:colcon.colcon_core.package_identification:_identify(src/drone_control) by extensions ['ignore', 'ignore_ament_install']
[0.186s] Level 1:colcon.colcon_core.package_identification:_identify(src/drone_control) by extension 'ignore'
[0.186s] Level 1:colcon.colcon_core.package_identification:_identify(src/drone_control) by extension 'ignore_ament_install'
[0.186s] Level 1:colcon.colcon_core.package_identification:_identify(src/drone_control) by extensions ['colcon_pkg']
[0.186s] Level 1:colcon.colcon_core.package_identification:_identify(src/drone_control) by extension 'colcon_pkg'
[0.186s] Level 1:colcon.colcon_core.package_identification:_identify(src/drone_control) by extensions ['colcon_meta']
[0.186s] Level 1:colcon.colcon_core.package_identification:_identify(src/drone_control) by extension 'colcon_meta'
[0.186s] Level 1:colcon.colcon_core.package_identification:_identify(src/drone_control) by extensions ['ros']
[0.187s] Level 1:colcon.colcon_core.package_identification:_identify(src/drone_control) by extension 'ros'
[0.188s] DEBUG:colcon.colcon_core.package_identification:Package 'src/drone_control' with type 'ros.ament_python' and name 'drone_control'
[0.188s] Level 1:colcon.colcon_core.package_identification:_identify(src/drone_description) by extensions ['ignore', 'ignore_ament_install']
[0.188s] Level 1:colcon.colcon_core.package_identification:_identify(src/drone_description) by extension 'ignore'
[0.188s] Level 1:colcon.colcon_core.package_identification:_identify(src/drone_description) by extension 'ignore_ament_install'
[0.188s] Level 1:colcon.colcon_core.package_identification:_identify(src/drone_description) by extensions ['colcon_pkg']
[0.188s] Level 1:colcon.colcon_core.package_identification:_identify(src/drone_description) by extension 'colcon_pkg'
[0.188s] Level 1:colcon.colcon_core.package_identification:_identify(src/drone_description) by extensions ['colcon_meta']
[0.188s] Level 1:colcon.colcon_core.package_identification:_identify(src/drone_description) by extension 'colcon_meta'
[0.188s] Level 1:colcon.colcon_core.package_identification:_identify(src/drone_description) by extensions ['ros']
[0.188s] Level 1:colcon.colcon_core.package_identification:_identify(src/drone_description) by extension 'ros'
[0.189s] DEBUG:colcon.colcon_core.package_identification:Package 'src/drone_description' with type 'ros.ament_cmake' and name 'drone_description'
[0.189s] Level 1:colcon.colcon_core.package_discovery:discover_packages(recursive) using defaults
[0.189s] Level 1:colcon.colcon_core.package_discovery:discover_packages(ignore) discover
[0.189s] Level 1:colcon.colcon_core.package_discovery:discover_packages(ignore) using defaults
[0.189s] Level 1:colcon.colcon_core.package_discovery:discover_packages(path) discover
[0.189s] Level 1:colcon.colcon_core.package_discovery:discover_packages(path) using defaults
[0.199s] Level 1:colcon.colcon_core.package_discovery:discover_packages(prefix_path) check parameters
[0.199s] Level 1:colcon.colcon_core.package_discovery:discover_packages(prefix_path) discover
[0.201s] DEBUG:colcon.colcon_installed_package_information.package_discovery:Found 444 installed packages in /opt/ros/humble
[0.202s] Level 1:colcon.colcon_core.package_discovery:discover_packages(prefix_path) using defaults
[0.228s] Level 5:colcon.colcon_core.verb:set package 'drone_control' build argument 'cmake_args' from command line to 'None'
[0.228s] Level 5:colcon.colcon_core.verb:set package 'drone_control' build argument 'cmake_target' from command line to 'None'
[0.228s] Level 5:colcon.colcon_core.verb:set package 'drone_control' build argument 'cmake_target_skip_unavailable' from command line to 'False'
[0.228s] Level 5:colcon.colcon_core.verb:set package 'drone_control' build argument 'cmake_clean_cache' from command line to 'False'
[0.228s] Level 5:colcon.colcon_core.verb:set package 'drone_control' build argument 'cmake_clean_first' from command line to 'False'
[0.228s] Level 5:colcon.colcon_core.verb:set package 'drone_control' build argument 'cmake_force_configure' from command line to 'False'
[0.228s] Level 5:colcon.colcon_core.verb:set package 'drone_control' build argument 'ament_cmake_args' from command line to 'None'
[0.228s] Level 5:colcon.colcon_core.verb:set package 'drone_control' build argument 'catkin_cmake_args' from command line to 'None'
[0.228s] Level 5:colcon.colcon_core.verb:set package 'drone_control' build argument 'catkin_skip_building_tests' from command line to 'False'
[0.228s] DEBUG:colcon.colcon_core.verb:Building package 'drone_control' with the following arguments: {'ament_cmake_args': None, 'build_base': '/home/nobel/drone_ws/build/drone_control', 'catkin_cmake_args': None, 'catkin_skip_building_tests': False, 'cmake_args': None, 'cmake_clean_cache': False, 'cmake_clean_first': False, 'cmake_force_configure': False, 'cmake_target': None, 'cmake_target_skip_unavailable': False, 'install_base': '/home/nobel/drone_ws/install/drone_control', 'merge_install': False, 'path': '/home/nobel/drone_ws/src/drone_control', 'symlink_install': False, 'test_result_base': None}
[0.228s] Level 5:colcon.colcon_core.verb:set package 'drone_description' build argument 'cmake_args' from command line to 'None'
[0.228s] Level 5:colcon.colcon_core.verb:set package 'drone_description' build argument 'cmake_target' from command line to 'None'
[0.228s] Level 5:colcon.colcon_core.verb:set package 'drone_description' build argument 'cmake_target_skip_unavailable' from command line to 'False'
[0.228s] Level 5:colcon.colcon_core.verb:set package 'drone_description' build argument 'cmake_clean_cache' from command line to 'False'
[0.228s] Level 5:colcon.colcon_core.verb:set package 'drone_description' build argument 'cmake_clean_first' from command line to 'False'
[0.228s] Level 5:colcon.colcon_core.verb:set package 'drone_description' build argument 'cmake_force_configure' from command line to 'False'
[0.228s] Level 5:colcon.colcon_core.verb:set package 'drone_description' build argument 'ament_cmake_args' from command line to 'None'
[0.228s] Level 5:colcon.colcon_core.verb:set package 'drone_description' build argument 'catkin_cmake_args' from command line to 'None'
[0.228s] Level 5:colcon.colcon_core.verb:set package 'drone_description' build argument 'catkin_skip_building_tests' from command line to 'False'
[0.228s] DEBUG:colcon.colcon_core.verb:Building package 'drone_description' with the following arguments: {'ament_cmake_args': None, 'build_base': '/home/nobel/drone_ws/build/drone_description', 'catkin_cmake_args': None, 'catkin_skip_building_tests': False, 'cmake_args': None, 'cmake_clean_cache': False, 'cmake_clean_first': False, 'cmake_force_configure': False, 'cmake_target': None, 'cmake_target_skip_unavailable': False, 'install_base': '/home/nobel/drone_ws/install/drone_description', 'merge_install': False, 'path': '/home/nobel/drone_ws/src/drone_description', 'symlink_install': False, 'test_result_base': None}
[0.228s] INFO:colcon.colcon_core.executor:Executing jobs using 'parallel' executor
[0.229s] DEBUG:colcon.colcon_parallel_executor.executor.parallel:run_until_complete
[0.229s] INFO:colcon.colcon_ros.task.ament_python.build:Building ROS package in '/home/nobel/drone_ws/src/drone_control' with build type 'ament_python'
[0.229s] Level 1:colcon.colcon_core.shell:create_environment_hook('drone_control', 'ament_prefix_path')
[0.230s] INFO:colcon.colcon_core.plugin_system:Skipping extension 'colcon_core.shell.bat': Not used on non-Windows systems
[0.231s] INFO:colcon.colcon_core.shell:Creating environment hook '/home/nobel/drone_ws/install/drone_control/share/drone_control/hook/ament_prefix_path.ps1'
[0.231s] INFO:colcon.colcon_core.shell:Creating environment descriptor '/home/nobel/drone_ws/install/drone_control/share/drone_control/hook/ament_prefix_path.dsv'
[0.231s] INFO:colcon.colcon_core.shell:Creating environment hook '/home/nobel/drone_ws/install/drone_control/share/drone_control/hook/ament_prefix_path.sh'
[0.232s] INFO:colcon.colcon_core.shell:Skip shell extension 'powershell' for command environment: Not usable outside of PowerShell
[0.232s] DEBUG:colcon.colcon_core.shell:Skip shell extension 'dsv' for command environment
[0.234s] INFO:colcon.colcon_ros.task.ament_cmake.build:Building ROS package in '/home/nobel/drone_ws/src/drone_description' with build type 'ament_cmake'
[0.234s] INFO:colcon.colcon_cmake.task.cmake.build:Building CMake package in '/home/nobel/drone_ws/src/drone_description'
[0.234s] INFO:colcon.colcon_core.shell:Skip shell extension 'powershell' for command environment: Not usable outside of PowerShell
[0.234s] DEBUG:colcon.colcon_core.shell:Skip shell extension 'dsv' for command environment
[0.399s] INFO:colcon.colcon_core.task.python.build:Building Python package in '/home/nobel/drone_ws/src/drone_control'
[0.400s] INFO:colcon.colcon_core.shell:Skip shell extension 'powershell' for command environment: Not usable outside of PowerShell
[0.400s] DEBUG:colcon.colcon_core.shell:Skip shell extension 'dsv' for command environment
[0.406s] DEBUG:colcon.colcon_core.event_handler.log_command:Invoking command in '/home/nobel/drone_ws/build/drone_description': CMAKE_PREFIX_PATH=/opt/ros/humble /usr/bin/cmake --build /home/nobel/drone_ws/build/drone_description -- -j16 -l16
[0.614s] DEBUG:colcon.colcon_core.event_handler.log_command:Invoked command in '/home/nobel/drone_ws/build/drone_description' returned '0': CMAKE_PREFIX_PATH=/opt/ros/humble /usr/bin/cmake --build /home/nobel/drone_ws/build/drone_description -- -j16 -l16
[0.623s] DEBUG:colcon.colcon_core.event_handler.log_command:Invoking command in '/home/nobel/drone_ws/build/drone_description': CMAKE_PREFIX_PATH=/opt/ros/humble /usr/bin/cmake --install /home/nobel/drone_ws/build/drone_description
[0.630s] DEBUG:colcon.colcon_core.event_handler.log_command:Invoked command in '/home/nobel/drone_ws/build/drone_description' returned '1': CMAKE_PREFIX_PATH=/opt/ros/humble /usr/bin/cmake --install /home/nobel/drone_ws/build/drone_description
[0.630s] Level 1:colcon.colcon_core.environment:create_environment_scripts_only(drone_description)
[0.632s] Level 1:colcon.colcon_core.environment:checking '/home/nobel/drone_ws/install/drone_description' for CMake module files
[0.633s] Level 1:colcon.colcon_core.environment:checking '/home/nobel/drone_ws/install/drone_description' for CMake config files
[0.633s] Level 1:colcon.colcon_core.shell:create_environment_hook('drone_description', 'cmake_prefix_path')
[0.634s] INFO:colcon.colcon_core.shell:Creating environment hook '/home/nobel/drone_ws/install/drone_description/share/drone_description/hook/cmake_prefix_path.ps1'
[0.634s] INFO:colcon.colcon_core.shell:Creating environment descriptor '/home/nobel/drone_ws/install/drone_description/share/drone_description/hook/cmake_prefix_path.dsv'
[0.634s] INFO:colcon.colcon_core.shell:Creating environment hook '/home/nobel/drone_ws/install/drone_description/share/drone_description/hook/cmake_prefix_path.sh'
[0.635s] Level 1:colcon.colcon_core.environment:checking '/home/nobel/drone_ws/install/drone_description/lib'
[0.635s] Level 1:colcon.colcon_core.environment:checking '/home/nobel/drone_ws/install/drone_description/bin'
[0.635s] Level 1:colcon.colcon_core.environment:checking '/home/nobel/drone_ws/install/drone_description/lib/pkgconfig/drone_description.pc'
[0.635s] Level 1:colcon.colcon_core.environment:checking '/home/nobel/drone_ws/install/drone_description/lib/python3.10/site-packages'
[0.635s] Level 1:colcon.colcon_core.shell:create_environment_hook('drone_description', 'pythonpath')
[0.636s] INFO:colcon.colcon_core.shell:Creating environment hook '/home/nobel/drone_ws/install/drone_description/share/drone_description/hook/pythonpath.ps1'
[0.636s] INFO:colcon.colcon_core.shell:Creating environment descriptor '/home/nobel/drone_ws/install/drone_description/share/drone_description/hook/pythonpath.dsv'
[0.636s] INFO:colcon.colcon_core.shell:Creating environment hook '/home/nobel/drone_ws/install/drone_description/share/drone_description/hook/pythonpath.sh'
[0.636s] Level 1:colcon.colcon_core.environment:checking '/home/nobel/drone_ws/install/drone_description/bin'
[0.637s] INFO:colcon.colcon_core.shell:Creating package script '/home/nobel/drone_ws/install/drone_description/share/drone_description/package.ps1'
[0.637s] INFO:colcon.colcon_core.shell:Creating package descriptor '/home/nobel/drone_ws/install/drone_description/share/drone_description/package.dsv'
[0.638s] INFO:colcon.colcon_core.shell:Creating package script '/home/nobel/drone_ws/install/drone_description/share/drone_description/package.sh'
[0.638s] INFO:colcon.colcon_core.shell:Creating package script '/home/nobel/drone_ws/install/drone_description/share/drone_description/package.bash'
[0.639s] INFO:colcon.colcon_core.shell:Creating package script '/home/nobel/drone_ws/install/drone_description/share/drone_description/package.zsh'
[0.639s] Level 1:colcon.colcon_core.environment:create_file_with_runtime_dependencies(/home/nobel/drone_ws/install/drone_description/share/colcon-core/packages/drone_description)
[0.661s] DEBUG:colcon.colcon_parallel_executor.executor.parallel:closing loop
[0.662s] DEBUG:colcon.colcon_parallel_executor.executor.parallel:loop closed
[0.662s] DEBUG:colcon.colcon_parallel_executor.executor.parallel:run_until_complete finished with '1'
[0.662s] DEBUG:colcon.colcon_core.event_reactor:joining thread
[0.667s] INFO:colcon.colcon_core.plugin_system:Skipping extension 'colcon_notification.desktop_notification.terminal_notifier': Not used on non-Darwin systems
[0.667s] INFO:colcon.colcon_core.plugin_system:Skipping extension 'colcon_notification.desktop_notification.win32': Not used on non-Windows systems
[0.667s] INFO:colcon.colcon_notification.desktop_notification:Sending desktop notification using 'notify2'
[0.676s] DEBUG:colcon.colcon_core.event_reactor:joined thread
[0.676s] INFO:colcon.colcon_core.shell:Creating prefix script '/home/nobel/drone_ws/install/local_setup.ps1'
[0.677s] INFO:colcon.colcon_core.shell:Creating prefix util module '/home/nobel/drone_ws/install/_local_setup_util_ps1.py'
[0.678s] INFO:colcon.colcon_core.shell:Creating prefix chain script '/home/nobel/drone_ws/install/setup.ps1'
[0.679s] INFO:colcon.colcon_core.shell:Creating prefix script '/home/nobel/drone_ws/install/local_setup.sh'
[0.680s] INFO:colcon.colcon_core.shell:Creating prefix util module '/home/nobel/drone_ws/install/_local_setup_util_sh.py'
[0.680s] INFO:colcon.colcon_core.shell:Creating prefix chain script '/home/nobel/drone_ws/install/setup.sh'
[0.681s] INFO:colcon.colcon_core.shell:Creating prefix script '/home/nobel/drone_ws/install/local_setup.bash'
[0.681s] INFO:colcon.colcon_core.shell:Creating prefix chain script '/home/nobel/drone_ws/install/setup.bash'
[0.681s] INFO:colcon.colcon_core.shell:Creating prefix script '/home/nobel/drone_ws/install/local_setup.zsh'
[0.682s] INFO:colcon.colcon_core.shell:Creating prefix chain script '/home/nobel/drone_ws/install/setup.zsh'
