-- Install configuration: ""
-- Execute custom install script
-- Up-to-date symlink: /home/nobel/drone_ws/install/drone_description/share/drone_description/launch/display.launch.py
-- Up-to-date symlink: /home/nobel/drone_ws/install/drone_description/share/drone_description/launch/display.launch.xml
-- Up-to-date symlink: /home/nobel/drone_ws/install/drone_description/share/drone_description/rviz/drone_conf.rviz
-- Up-to-date symlink: /home/nobel/drone_ws/install/drone_description/share/drone_description/drone1/base.part
-- Up-to-date symlink: /home/nobel/drone_ws/install/drone_description/share/drone_description/drone1/base.stl
-- Up-to-date symlink: /home/nobel/drone_ws/install/drone_description/share/drone_description/drone1/config.json
-- Up-to-date symlink: /home/nobel/drone_ws/install/drone_description/share/drone_description/drone1/m1.part
-- Up-to-date symlink: /home/nobel/drone_ws/install/drone_description/share/drone_description/drone1/m1.stl
-- Up-to-date symlink: /home/nobel/drone_ws/install/drone_description/share/drone_description/drone1/m2.part
-- Up-to-date symlink: /home/nobel/drone_ws/install/drone_description/share/drone_description/drone1/m2.stl
-- Up-to-date symlink: /home/nobel/drone_ws/install/drone_description/share/drone_description/drone1/robot.urdf
-- Up-to-date symlink: /home/nobel/drone_ws/install/drone_description/share/ament_index/resource_index/package_run_dependencies/drone_description
-- Up-to-date symlink: /home/nobel/drone_ws/install/drone_description/share/ament_index/resource_index/parent_prefix_path/drone_description
-- Up-to-date symlink: /home/nobel/drone_ws/install/drone_description/share/drone_description/environment/ament_prefix_path.sh
-- Up-to-date symlink: /home/nobel/drone_ws/install/drone_description/share/drone_description/environment/ament_prefix_path.dsv
-- Up-to-date symlink: /home/nobel/drone_ws/install/drone_description/share/drone_description/environment/path.sh
-- Up-to-date symlink: /home/nobel/drone_ws/install/drone_description/share/drone_description/environment/path.dsv
-- Up-to-date symlink: /home/nobel/drone_ws/install/drone_description/share/drone_description/local_setup.bash
-- Up-to-date symlink: /home/nobel/drone_ws/install/drone_description/share/drone_description/local_setup.sh
-- Up-to-date symlink: /home/nobel/drone_ws/install/drone_description/share/drone_description/local_setup.zsh
-- Up-to-date symlink: /home/nobel/drone_ws/install/drone_description/share/drone_description/local_setup.dsv
-- Symlinking: /home/nobel/drone_ws/install/drone_description/share/drone_description/package.dsv
-- Up-to-date symlink: /home/nobel/drone_ws/install/drone_description/share/ament_index/resource_index/packages/drone_description
-- Up-to-date symlink: /home/nobel/drone_ws/install/drone_description/share/drone_description/cmake/drone_descriptionConfig.cmake
-- Up-to-date symlink: /home/nobel/drone_ws/install/drone_description/share/drone_description/cmake/drone_descriptionConfig-version.cmake
-- Up-to-date symlink: /home/nobel/drone_ws/install/drone_description/share/drone_description/package.xml
