[0.176s] Invoking command in '/home/nobel/drone_ws/build/drone_description': CMAKE_PREFIX_PATH=${CMAKE_PREFIX_PATH}:/home/nobel/drone_ws/install/drone_control:/opt/ros/humble /usr/bin/cmake --build /home/nobel/drone_ws/build/drone_description -- -j16 -l16
[0.213s] -- Found ament_cmake: 1.3.11 (/opt/ros/humble/share/ament_cmake/cmake)
[0.325s] -- Found urdf: 2.6.1 (/opt/ros/humble/share/urdf/cmake)
[0.354s] -- Found xacro: 2.0.8 (/opt/ros/humble/share/xacro/cmake)
[0.355s] -- Found ament_lint_auto: 0.12.11 (/opt/ros/humble/share/ament_lint_auto/cmake)
[0.419s] -- Added test 'lint_cmake' to check CMake code style
[0.420s] -- Added test 'xmllint' to check XML markup files
[0.421s] -- Configuring done
[0.423s] -- Generating done
[0.424s] -- Build files have been written to: /home/nobel/drone_ws/build/drone_description
[0.445s] Invoked command in '/home/nobel/drone_ws/build/drone_description' returned '0': CMAKE_PREFIX_PATH=${CMAKE_PREFIX_PATH}:/home/nobel/drone_ws/install/drone_control:/opt/ros/humble /usr/bin/cmake --build /home/nobel/drone_ws/build/drone_description -- -j16 -l16
[0.454s] Invoking command in '/home/nobel/drone_ws/build/drone_description': CMAKE_PREFIX_PATH=${CMAKE_PREFIX_PATH}:/home/nobel/drone_ws/install/drone_control:/opt/ros/humble /usr/bin/cmake --install /home/nobel/drone_ws/build/drone_description
[0.461s] -- Install configuration: ""
[0.461s] -- Up-to-date: /home/nobel/drone_ws/install/drone_description/share/drone_description/launch
[0.461s] -- Up-to-date: /home/nobel/drone_ws/install/drone_description/share/drone_description/rviz
[0.461s] -- Installing: /home/nobel/drone_ws/install/drone_description/share/drone_description/drone1
[0.461s] -- Installing: /home/nobel/drone_ws/install/drone_description/share/drone_description/drone1/m2.stl
[0.462s] -- Installing: /home/nobel/drone_ws/install/drone_description/share/drone_description/drone1/base.part
[0.462s] -- Installing: /home/nobel/drone_ws/install/drone_description/share/drone_description/drone1/m2.part
[0.462s] -- Installing: /home/nobel/drone_ws/install/drone_description/share/drone_description/drone1/robot.urdf
[0.462s] -- Installing: /home/nobel/drone_ws/install/drone_description/share/drone_description/drone1/m1.part
[0.462s] -- Installing: /home/nobel/drone_ws/install/drone_description/share/drone_description/drone1/m1.stl
[0.463s] -- Installing: /home/nobel/drone_ws/install/drone_description/share/drone_description/drone1/config.json
[0.463s] -- Installing: /home/nobel/drone_ws/install/drone_description/share/drone_description/drone1/base.stl
[0.465s] -- Up-to-date: /home/nobel/drone_ws/install/drone_description/share/ament_index/resource_index/package_run_dependencies/drone_description
[0.465s] -- Installing: /home/nobel/drone_ws/install/drone_description/share/ament_index/resource_index/parent_prefix_path/drone_description
[0.465s] -- Up-to-date: /home/nobel/drone_ws/install/drone_description/share/drone_description/environment/ament_prefix_path.sh
[0.465s] -- Installing: /home/nobel/drone_ws/install/drone_description/share/drone_description/environment/ament_prefix_path.dsv
[0.466s] -- Up-to-date: /home/nobel/drone_ws/install/drone_description/share/drone_description/environment/path.sh
[0.466s] -- Installing: /home/nobel/drone_ws/install/drone_description/share/drone_description/environment/path.dsv
[0.466s] -- Up-to-date: /home/nobel/drone_ws/install/drone_description/share/drone_description/local_setup.bash
[0.466s] -- Up-to-date: /home/nobel/drone_ws/install/drone_description/share/drone_description/local_setup.sh
[0.466s] -- Up-to-date: /home/nobel/drone_ws/install/drone_description/share/drone_description/local_setup.zsh
[0.466s] -- Installing: /home/nobel/drone_ws/install/drone_description/share/drone_description/local_setup.dsv
[0.466s] -- Installing: /home/nobel/drone_ws/install/drone_description/share/drone_description/package.dsv
[0.466s] -- Up-to-date: /home/nobel/drone_ws/install/drone_description/share/ament_index/resource_index/packages/drone_description
[0.467s] -- Up-to-date: /home/nobel/drone_ws/install/drone_description/share/drone_description/cmake/drone_descriptionConfig.cmake
[0.467s] -- Up-to-date: /home/nobel/drone_ws/install/drone_description/share/drone_description/cmake/drone_descriptionConfig-version.cmake
[0.467s] -- Up-to-date: /home/nobel/drone_ws/install/drone_description/share/drone_description/package.xml
[0.468s] Invoked command in '/home/nobel/drone_ws/build/drone_description' returned '0': CMAKE_PREFIX_PATH=${CMAKE_PREFIX_PATH}:/home/nobel/drone_ws/install/drone_control:/opt/ros/humble /usr/bin/cmake --install /home/nobel/drone_ws/build/drone_description
