[0.009s] Invoking command in '/home/nobel/drone_ws/build/drone_description': CMAKE_PREFIX_PATH=${CMAKE_PREFIX_PATH}:/home/nobel/drone_ws/install/drone_control:/opt/ros/humble /usr/bin/cmake /home/nobel/drone_ws/src/drone_description -DAMENT_CMAKE_SYMLINK_INSTALL=1 -DCMAKE_INSTALL_PREFIX=/home/nobel/drone_ws/install/drone_description
[0.016s] -- Found ament_cmake: 1.3.11 (/opt/ros/humble/share/ament_cmake/cmake)
[0.095s] -- Override CMake install command with custom implementation using symlinks instead of copying resources
[0.101s] -- Found urdf: 2.6.1 (/opt/ros/humble/share/urdf/cmake)
[0.121s] -- Found xacro: 2.0.8 (/opt/ros/humble/share/xacro/cmake)
[0.121s] -- Found ament_lint_auto: 0.12.11 (/opt/ros/humble/share/ament_lint_auto/cmake)
[0.179s] -- Added test 'lint_cmake' to check CMake code style
[0.180s] -- Added test 'xmllint' to check XML markup files
[0.180s] -- Configuring done
[0.181s] -- Generating done
[0.182s] -- Build files have been written to: /home/nobel/drone_ws/build/drone_description
[0.185s] Invoked command in '/home/nobel/drone_ws/build/drone_description' returned '0': CMAKE_PREFIX_PATH=${CMAKE_PREFIX_PATH}:/home/nobel/drone_ws/install/drone_control:/opt/ros/humble /usr/bin/cmake /home/nobel/drone_ws/src/drone_description -DAMENT_CMAKE_SYMLINK_INSTALL=1 -DCMAKE_INSTALL_PREFIX=/home/nobel/drone_ws/install/drone_description
[0.187s] Invoking command in '/home/nobel/drone_ws/build/drone_description': CMAKE_PREFIX_PATH=${CMAKE_PREFIX_PATH}:/home/nobel/drone_ws/install/drone_control:/opt/ros/humble /usr/bin/cmake --build /home/nobel/drone_ws/build/drone_description -- -j16 -l16
[0.216s] Invoked command in '/home/nobel/drone_ws/build/drone_description' returned '0': CMAKE_PREFIX_PATH=${CMAKE_PREFIX_PATH}:/home/nobel/drone_ws/install/drone_control:/opt/ros/humble /usr/bin/cmake --build /home/nobel/drone_ws/build/drone_description -- -j16 -l16
[0.223s] Invoking command in '/home/nobel/drone_ws/build/drone_description': CMAKE_PREFIX_PATH=${CMAKE_PREFIX_PATH}:/home/nobel/drone_ws/install/drone_control:/opt/ros/humble /usr/bin/cmake --install /home/nobel/drone_ws/build/drone_description
[0.228s] -- Install configuration: ""
[0.228s] -- Execute custom install script
[0.229s] -- Symlinking: /home/nobel/drone_ws/install/drone_description/share/drone_description/drone1/base.part
[0.236s] -- Symlinking: /home/nobel/drone_ws/install/drone_description/share/drone_description/drone1/base.stl
[0.243s] -- Symlinking: /home/nobel/drone_ws/install/drone_description/share/drone_description/drone1/config.json
[0.249s] -- Symlinking: /home/nobel/drone_ws/install/drone_description/share/drone_description/drone1/m1.part
[0.256s] -- Symlinking: /home/nobel/drone_ws/install/drone_description/share/drone_description/drone1/m1.stl
[0.263s] -- Symlinking: /home/nobel/drone_ws/install/drone_description/share/drone_description/drone1/m2.part
[0.270s] -- Symlinking: /home/nobel/drone_ws/install/drone_description/share/drone_description/drone1/m2.stl
[0.276s] -- Symlinking: /home/nobel/drone_ws/install/drone_description/share/drone_description/drone1/robot.urdf
[0.282s] -- Symlinking: /home/nobel/drone_ws/install/drone_description/share/ament_index/resource_index/package_run_dependencies/drone_description
[0.289s] -- Symlinking: /home/nobel/drone_ws/install/drone_description/share/ament_index/resource_index/parent_prefix_path/drone_description
[0.295s] -- Symlinking: /home/nobel/drone_ws/install/drone_description/share/drone_description/environment/ament_prefix_path.sh
[0.302s] -- Symlinking: /home/nobel/drone_ws/install/drone_description/share/drone_description/environment/ament_prefix_path.dsv
[0.309s] -- Symlinking: /home/nobel/drone_ws/install/drone_description/share/drone_description/environment/path.sh
[0.316s] -- Symlinking: /home/nobel/drone_ws/install/drone_description/share/drone_description/environment/path.dsv
[0.322s] -- Symlinking: /home/nobel/drone_ws/install/drone_description/share/drone_description/local_setup.bash
[0.328s] -- Symlinking: /home/nobel/drone_ws/install/drone_description/share/drone_description/local_setup.sh
[0.335s] -- Symlinking: /home/nobel/drone_ws/install/drone_description/share/drone_description/local_setup.zsh
[0.342s] -- Symlinking: /home/nobel/drone_ws/install/drone_description/share/drone_description/local_setup.dsv
[0.348s] -- Symlinking: /home/nobel/drone_ws/install/drone_description/share/drone_description/package.dsv
[0.355s] -- Symlinking: /home/nobel/drone_ws/install/drone_description/share/ament_index/resource_index/packages/drone_description
[0.363s] -- Symlinking: /home/nobel/drone_ws/install/drone_description/share/drone_description/cmake/drone_descriptionConfig.cmake
[0.370s] -- Symlinking: /home/nobel/drone_ws/install/drone_description/share/drone_description/cmake/drone_descriptionConfig-version.cmake
[0.377s] -- Symlinking: /home/nobel/drone_ws/install/drone_description/share/drone_description/package.xml
[0.385s] Invoked command in '/home/nobel/drone_ws/build/drone_description' returned '0': CMAKE_PREFIX_PATH=${CMAKE_PREFIX_PATH}:/home/nobel/drone_ws/install/drone_control:/opt/ros/humble /usr/bin/cmake --install /home/nobel/drone_ws/build/drone_description
