[0.423s] Invoking command in '/home/nobel/drone_ws/src/drone_control': PYTHONPATH=/home/nobel/drone_ws/build/drone_control/prefix_override:/usr/lib/python3/dist-packages/colcon_core/task/python/colcon_distutils_commands:/home/nobel/drone_ws/install/drone_control/lib/python3.10/site-packages:${PYTHONPATH} /usr/bin/python3 -W ignore:setup.py install is deprecated -W ignore:easy_install command is deprecated setup.py egg_info --egg-base ../../build/drone_control build --build-base /home/nobel/drone_ws/build/drone_control/build install --record /home/nobel/drone_ws/build/drone_control/install.log --single-version-externally-managed install_data
[0.577s] running egg_info
[0.577s] writing ../../build/drone_control/drone_control.egg-info/PKG-INFO
[0.578s] writing dependency_links to ../../build/drone_control/drone_control.egg-info/dependency_links.txt
[0.578s] writing entry points to ../../build/drone_control/drone_control.egg-info/entry_points.txt
[0.578s] writing requirements to ../../build/drone_control/drone_control.egg-info/requires.txt
[0.578s] writing top-level names to ../../build/drone_control/drone_control.egg-info/top_level.txt
[0.579s] reading manifest file '../../build/drone_control/drone_control.egg-info/SOURCES.txt'
[0.579s] writing manifest file '../../build/drone_control/drone_control.egg-info/SOURCES.txt'
[0.579s] running build
[0.579s] running build_py
[0.580s] running install
[0.580s] running install_lib
[0.580s] running install_data
[0.580s] running install_egg_info
[0.581s] removing '/home/nobel/drone_ws/install/drone_control/lib/python3.10/site-packages/drone_control-0.0.0-py3.10.egg-info' (and everything under it)
[0.581s] Copying ../../build/drone_control/drone_control.egg-info to /home/nobel/drone_ws/install/drone_control/lib/python3.10/site-packages/drone_control-0.0.0-py3.10.egg-info
[0.581s] running install_scripts
[0.594s] Installing drone_control_node script to /home/nobel/drone_ws/install/drone_control/lib/drone_control
[0.594s] writing list of installed files to '/home/nobel/drone_ws/build/drone_control/install.log'
[0.610s] Invoked command in '/home/nobel/drone_ws/src/drone_control' returned '0': PYTHONPATH=/home/nobel/drone_ws/build/drone_control/prefix_override:/usr/lib/python3/dist-packages/colcon_core/task/python/colcon_distutils_commands:/home/nobel/drone_ws/install/drone_control/lib/python3.10/site-packages:${PYTHONPATH} /usr/bin/python3 -W ignore:setup.py install is deprecated -W ignore:easy_install command is deprecated setup.py egg_info --egg-base ../../build/drone_control build --build-base /home/nobel/drone_ws/build/drone_control/build install --record /home/nobel/drone_ws/build/drone_control/install.log --single-version-externally-managed install_data
