[0.122s] DEBUG:colcon:Command line arguments: ['/usr/bin/colcon', 'build']
[0.122s] DEBUG:colcon:Parsed command line arguments: Namespace(log_base=None, log_level=None, verb_name='build', build_base='build', install_base='install', merge_install=False, symlink_install=False, test_result_base=None, continue_on_error=False, executor='parallel', parallel_workers=16, event_handlers=None, ignore_user_meta=False, metas=['./colcon.meta'], base_paths=['.'], packages_ignore=None, packages_ignore_regex=None, paths=None, packages_up_to=None, packages_up_to_regex=None, packages_above=None, packages_above_and_dependencies=None, packages_above_depth=None, packages_select_by_dep=None, packages_skip_by_dep=None, packages_skip_up_to=None, packages_select_build_failed=False, packages_skip_build_finished=False, packages_select_test_failures=False, packages_skip_test_passed=False, packages_select=None, packages_skip=None, packages_select_regex=None, packages_skip_regex=None, packages_start=None, packages_end=None, allow_overriding=[], cmake_args=None, cmake_target=None, cmake_target_skip_unavailable=False, cmake_clean_cache=False, cmake_clean_first=False, cmake_force_configure=False, ament_cmake_args=None, catkin_cmake_args=None, catkin_skip_building_tests=False, verb_parser=<colcon_defaults.argument_parser.defaults.DefaultArgumentsDecorator object at 0x72a5d7790310>, verb_extension=<colcon_core.verb.build.BuildVerb object at 0x72a5d7763dc0>, main=<bound method BuildVerb.main of <colcon_core.verb.build.BuildVerb object at 0x72a5d7763dc0>>)
[0.293s] Level 1:colcon.colcon_core.package_discovery:discover_packages(colcon_meta) check parameters
[0.293s] Level 1:colcon.colcon_core.package_discovery:discover_packages(recursive) check parameters
[0.293s] Level 1:colcon.colcon_core.package_discovery:discover_packages(ignore) check parameters
[0.293s] Level 1:colcon.colcon_core.package_discovery:discover_packages(path) check parameters
[0.293s] Level 1:colcon.colcon_core.package_discovery:discover_packages(colcon_meta) discover
[0.293s] Level 1:colcon.colcon_core.package_discovery:discover_packages(recursive) discover
[0.293s] INFO:colcon.colcon_core.package_discovery:Crawling recursively for packages in '/home/nobel/drone_ws'
[0.293s] Level 1:colcon.colcon_core.package_identification:_identify(.) by extensions ['ignore', 'ignore_ament_install']
[0.293s] Level 1:colcon.colcon_core.package_identification:_identify(.) by extension 'ignore'
[0.293s] Level 1:colcon.colcon_core.package_identification:_identify(.) by extension 'ignore_ament_install'
[0.293s] Level 1:colcon.colcon_core.package_identification:_identify(.) by extensions ['colcon_pkg']
[0.294s] Level 1:colcon.colcon_core.package_identification:_identify(.) by extension 'colcon_pkg'
[0.294s] Level 1:colcon.colcon_core.package_identification:_identify(.) by extensions ['colcon_meta']
[0.294s] Level 1:colcon.colcon_core.package_identification:_identify(.) by extension 'colcon_meta'
[0.294s] Level 1:colcon.colcon_core.package_identification:_identify(.) by extensions ['ros']
[0.294s] Level 1:colcon.colcon_core.package_identification:_identify(.) by extension 'ros'
[0.306s] Level 1:colcon.colcon_core.package_identification:_identify(.) by extensions ['cmake', 'python']
[0.306s] Level 1:colcon.colcon_core.package_identification:_identify(.) by extension 'cmake'
[0.306s] Level 1:colcon.colcon_core.package_identification:_identify(.) by extension 'python'
[0.306s] Level 1:colcon.colcon_core.package_identification:_identify(.) by extensions ['python_setup_py']
[0.306s] Level 1:colcon.colcon_core.package_identification:_identify(.) by extension 'python_setup_py'
[0.306s] Level 1:colcon.colcon_core.package_identification:_identify(build) by extensions ['ignore', 'ignore_ament_install']
[0.306s] Level 1:colcon.colcon_core.package_identification:_identify(build) by extension 'ignore'
[0.306s] Level 1:colcon.colcon_core.package_identification:_identify(build) ignored
[0.306s] Level 1:colcon.colcon_core.package_identification:_identify(install) by extensions ['ignore', 'ignore_ament_install']
[0.306s] Level 1:colcon.colcon_core.package_identification:_identify(install) by extension 'ignore'
[0.306s] Level 1:colcon.colcon_core.package_identification:_identify(install) ignored
[0.306s] Level 1:colcon.colcon_core.package_identification:_identify(log) by extensions ['ignore', 'ignore_ament_install']
[0.306s] Level 1:colcon.colcon_core.package_identification:_identify(log) by extension 'ignore'
[0.306s] Level 1:colcon.colcon_core.package_identification:_identify(log) ignored
[0.306s] Level 1:colcon.colcon_core.package_identification:_identify(src) by extensions ['ignore', 'ignore_ament_install']
[0.306s] Level 1:colcon.colcon_core.package_identification:_identify(src) by extension 'ignore'
[0.306s] Level 1:colcon.colcon_core.package_identification:_identify(src) by extension 'ignore_ament_install'
[0.306s] Level 1:colcon.colcon_core.package_identification:_identify(src) by extensions ['colcon_pkg']
[0.306s] Level 1:colcon.colcon_core.package_identification:_identify(src) by extension 'colcon_pkg'
[0.306s] Level 1:colcon.colcon_core.package_identification:_identify(src) by extensions ['colcon_meta']
[0.306s] Level 1:colcon.colcon_core.package_identification:_identify(src) by extension 'colcon_meta'
[0.306s] Level 1:colcon.colcon_core.package_identification:_identify(src) by extensions ['ros']
[0.306s] Level 1:colcon.colcon_core.package_identification:_identify(src) by extension 'ros'
[0.306s] Level 1:colcon.colcon_core.package_identification:_identify(src) by extensions ['cmake', 'python']
[0.306s] Level 1:colcon.colcon_core.package_identification:_identify(src) by extension 'cmake'
[0.306s] Level 1:colcon.colcon_core.package_identification:_identify(src) by extension 'python'
[0.306s] Level 1:colcon.colcon_core.package_identification:_identify(src) by extensions ['python_setup_py']
[0.306s] Level 1:colcon.colcon_core.package_identification:_identify(src) by extension 'python_setup_py'
[0.306s] Level 1:colcon.colcon_core.package_identification:_identify(src/drone_description) by extensions ['ignore', 'ignore_ament_install']
[0.306s] Level 1:colcon.colcon_core.package_identification:_identify(src/drone_description) by extension 'ignore'
[0.306s] Level 1:colcon.colcon_core.package_identification:_identify(src/drone_description) by extension 'ignore_ament_install'
[0.306s] Level 1:colcon.colcon_core.package_identification:_identify(src/drone_description) by extensions ['colcon_pkg']
[0.306s] Level 1:colcon.colcon_core.package_identification:_identify(src/drone_description) by extension 'colcon_pkg'
[0.307s] Level 1:colcon.colcon_core.package_identification:_identify(src/drone_description) by extensions ['colcon_meta']
[0.307s] Level 1:colcon.colcon_core.package_identification:_identify(src/drone_description) by extension 'colcon_meta'
[0.307s] Level 1:colcon.colcon_core.package_identification:_identify(src/drone_description) by extensions ['ros']
[0.307s] Level 1:colcon.colcon_core.package_identification:_identify(src/drone_description) by extension 'ros'
[0.309s] DEBUG:colcon.colcon_core.package_identification:Package 'src/drone_description' with type 'ros.ament_python' and name 'drone_description'
[0.309s] Level 1:colcon.colcon_core.package_discovery:discover_packages(recursive) using defaults
[0.309s] Level 1:colcon.colcon_core.package_discovery:discover_packages(ignore) discover
[0.309s] Level 1:colcon.colcon_core.package_discovery:discover_packages(ignore) using defaults
[0.309s] Level 1:colcon.colcon_core.package_discovery:discover_packages(path) discover
[0.309s] Level 1:colcon.colcon_core.package_discovery:discover_packages(path) using defaults
[0.328s] Level 1:colcon.colcon_core.package_discovery:discover_packages(prefix_path) check parameters
[0.328s] Level 1:colcon.colcon_core.package_discovery:discover_packages(prefix_path) discover
[0.331s] DEBUG:colcon.colcon_installed_package_information.package_discovery:Found 10 installed packages in /home/nobel/colcon_ws/install
[0.331s] DEBUG:colcon.colcon_installed_package_information.package_discovery:Found 2 installed packages in /home/nobel/Drone_Related/Drones_Library/follow_drone_ws/install
[0.331s] DEBUG:colcon.colcon_installed_package_information.package_discovery:Found 3 installed packages in /home/nobel/ROS2_Nav2/ros2_nav2/turtlebot3_ws/install
[0.332s] DEBUG:colcon.colcon_installed_package_information.package_discovery:Found 9 installed packages in /home/nobel/Gujrat_Government_Hexapod/gg_hexapod_ws/install
[0.332s] DEBUG:colcon.colcon_installed_package_information.package_discovery:Found 9 installed packages in /home/nobel/workspace_arm/IRoC_U_arm/arm_ws/install
[0.332s] DEBUG:colcon.colcon_installed_package_information.package_discovery:Found 6 installed packages in /home/nobel/install
[0.332s] DEBUG:colcon.colcon_installed_package_information.package_discovery:Found 6 installed packages in /home/nobel/arduinobot_ws/install
[0.333s] DEBUG:colcon.colcon_installed_package_information.package_discovery:Found 2 installed packages in /home/nobel/arm_ws/install
[0.333s] DEBUG:colcon.colcon_installed_package_information.package_discovery:Found 1 installed packages in /home/nobel/Drone_Related/Drones_Library/1st_drone_ws/install
[0.334s] DEBUG:colcon.colcon_installed_package_information.package_discovery:Found 444 installed packages in /opt/ros/humble
[0.335s] Level 1:colcon.colcon_core.package_discovery:discover_packages(prefix_path) using defaults
[0.379s] Level 5:colcon.colcon_core.verb:set package 'drone_description' build argument 'cmake_args' from command line to 'None'
[0.379s] Level 5:colcon.colcon_core.verb:set package 'drone_description' build argument 'cmake_target' from command line to 'None'
[0.379s] Level 5:colcon.colcon_core.verb:set package 'drone_description' build argument 'cmake_target_skip_unavailable' from command line to 'False'
[0.379s] Level 5:colcon.colcon_core.verb:set package 'drone_description' build argument 'cmake_clean_cache' from command line to 'False'
[0.379s] Level 5:colcon.colcon_core.verb:set package 'drone_description' build argument 'cmake_clean_first' from command line to 'False'
[0.379s] Level 5:colcon.colcon_core.verb:set package 'drone_description' build argument 'cmake_force_configure' from command line to 'False'
[0.379s] Level 5:colcon.colcon_core.verb:set package 'drone_description' build argument 'ament_cmake_args' from command line to 'None'
[0.379s] Level 5:colcon.colcon_core.verb:set package 'drone_description' build argument 'catkin_cmake_args' from command line to 'None'
[0.379s] Level 5:colcon.colcon_core.verb:set package 'drone_description' build argument 'catkin_skip_building_tests' from command line to 'False'
[0.379s] DEBUG:colcon.colcon_core.verb:Building package 'drone_description' with the following arguments: {'ament_cmake_args': None, 'build_base': '/home/nobel/drone_ws/build/drone_description', 'catkin_cmake_args': None, 'catkin_skip_building_tests': False, 'cmake_args': None, 'cmake_clean_cache': False, 'cmake_clean_first': False, 'cmake_force_configure': False, 'cmake_target': None, 'cmake_target_skip_unavailable': False, 'install_base': '/home/nobel/drone_ws/install/drone_description', 'merge_install': False, 'path': '/home/nobel/drone_ws/src/drone_description', 'symlink_install': False, 'test_result_base': None}
[0.379s] INFO:colcon.colcon_core.executor:Executing jobs using 'parallel' executor
[0.380s] DEBUG:colcon.colcon_parallel_executor.executor.parallel:run_until_complete
[0.380s] INFO:colcon.colcon_ros.task.ament_python.build:Building ROS package in '/home/nobel/drone_ws/src/drone_description' with build type 'ament_python'
[0.380s] Level 1:colcon.colcon_core.shell:create_environment_hook('drone_description', 'ament_prefix_path')
[0.383s] INFO:colcon.colcon_core.plugin_system:Skipping extension 'colcon_core.shell.bat': Not used on non-Windows systems
[0.383s] INFO:colcon.colcon_core.shell:Creating environment hook '/home/nobel/drone_ws/install/drone_description/share/drone_description/hook/ament_prefix_path.ps1'
[0.383s] INFO:colcon.colcon_core.shell:Creating environment descriptor '/home/nobel/drone_ws/install/drone_description/share/drone_description/hook/ament_prefix_path.dsv'
[0.384s] INFO:colcon.colcon_core.shell:Creating environment hook '/home/nobel/drone_ws/install/drone_description/share/drone_description/hook/ament_prefix_path.sh'
[0.384s] INFO:colcon.colcon_core.shell:Skip shell extension 'powershell' for command environment: Not usable outside of PowerShell
[0.384s] DEBUG:colcon.colcon_core.shell:Skip shell extension 'dsv' for command environment
[0.567s] INFO:colcon.colcon_core.task.python.build:Building Python package in '/home/nobel/drone_ws/src/drone_description'
[0.568s] INFO:colcon.colcon_core.shell:Skip shell extension 'powershell' for command environment: Not usable outside of PowerShell
[0.568s] DEBUG:colcon.colcon_core.shell:Skip shell extension 'dsv' for command environment
[0.833s] DEBUG:colcon.colcon_core.event_handler.log_command:Invoking command in '/home/nobel/drone_ws/src/drone_description': PYTHONPATH=/home/nobel/drone_ws/build/drone_description/prefix_override:/usr/lib/python3/dist-packages/colcon_core/task/python/colcon_distutils_commands:/home/nobel/drone_ws/install/drone_description/lib/python3.10/site-packages:${PYTHONPATH} /usr/bin/python3 -W ignore:setup.py install is deprecated -W ignore:easy_install command is deprecated setup.py egg_info --egg-base ../../build/drone_description build --build-base /home/nobel/drone_ws/build/drone_description/build install --record /home/nobel/drone_ws/build/drone_description/install.log --single-version-externally-managed install_data
[1.032s] DEBUG:colcon.colcon_core.event_handler.log_command:Invoked command in '/home/nobel/drone_ws/src/drone_description' returned '0': PYTHONPATH=/home/nobel/drone_ws/build/drone_description/prefix_override:/usr/lib/python3/dist-packages/colcon_core/task/python/colcon_distutils_commands:/home/nobel/drone_ws/install/drone_description/lib/python3.10/site-packages:${PYTHONPATH} /usr/bin/python3 -W ignore:setup.py install is deprecated -W ignore:easy_install command is deprecated setup.py egg_info --egg-base ../../build/drone_description build --build-base /home/nobel/drone_ws/build/drone_description/build install --record /home/nobel/drone_ws/build/drone_description/install.log --single-version-externally-managed install_data
[1.038s] Level 1:colcon.colcon_core.environment:checking '/home/nobel/drone_ws/install/drone_description' for CMake module files
[1.038s] Level 1:colcon.colcon_core.environment:checking '/home/nobel/drone_ws/install/drone_description' for CMake config files
[1.039s] Level 1:colcon.colcon_core.environment:checking '/home/nobel/drone_ws/install/drone_description/lib'
[1.039s] Level 1:colcon.colcon_core.environment:checking '/home/nobel/drone_ws/install/drone_description/bin'
[1.039s] Level 1:colcon.colcon_core.environment:checking '/home/nobel/drone_ws/install/drone_description/lib/pkgconfig/drone_description.pc'
[1.039s] Level 1:colcon.colcon_core.environment:checking '/home/nobel/drone_ws/install/drone_description/lib/python3.10/site-packages'
[1.039s] Level 1:colcon.colcon_core.shell:create_environment_hook('drone_description', 'pythonpath')
[1.039s] INFO:colcon.colcon_core.shell:Creating environment hook '/home/nobel/drone_ws/install/drone_description/share/drone_description/hook/pythonpath.ps1'
[1.039s] INFO:colcon.colcon_core.shell:Creating environment descriptor '/home/nobel/drone_ws/install/drone_description/share/drone_description/hook/pythonpath.dsv'
[1.040s] INFO:colcon.colcon_core.shell:Creating environment hook '/home/nobel/drone_ws/install/drone_description/share/drone_description/hook/pythonpath.sh'
[1.040s] Level 1:colcon.colcon_core.environment:checking '/home/nobel/drone_ws/install/drone_description/bin'
[1.040s] Level 1:colcon.colcon_core.environment:create_environment_scripts_only(drone_description)
[1.040s] INFO:colcon.colcon_core.shell:Creating package script '/home/nobel/drone_ws/install/drone_description/share/drone_description/package.ps1'
[1.041s] INFO:colcon.colcon_core.shell:Creating package descriptor '/home/nobel/drone_ws/install/drone_description/share/drone_description/package.dsv'
[1.041s] INFO:colcon.colcon_core.shell:Creating package script '/home/nobel/drone_ws/install/drone_description/share/drone_description/package.sh'
[1.042s] INFO:colcon.colcon_core.shell:Creating package script '/home/nobel/drone_ws/install/drone_description/share/drone_description/package.bash'
[1.043s] INFO:colcon.colcon_core.shell:Creating package script '/home/nobel/drone_ws/install/drone_description/share/drone_description/package.zsh'
[1.043s] Level 1:colcon.colcon_core.environment:create_file_with_runtime_dependencies(/home/nobel/drone_ws/install/drone_description/share/colcon-core/packages/drone_description)
[1.043s] DEBUG:colcon.colcon_parallel_executor.executor.parallel:closing loop
[1.044s] DEBUG:colcon.colcon_parallel_executor.executor.parallel:loop closed
[1.044s] DEBUG:colcon.colcon_parallel_executor.executor.parallel:run_until_complete finished with '0'
[1.044s] DEBUG:colcon.colcon_core.event_reactor:joining thread
[1.048s] INFO:colcon.colcon_core.plugin_system:Skipping extension 'colcon_notification.desktop_notification.terminal_notifier': Not used on non-Darwin systems
[1.048s] INFO:colcon.colcon_core.plugin_system:Skipping extension 'colcon_notification.desktop_notification.win32': Not used on non-Windows systems
[1.048s] INFO:colcon.colcon_notification.desktop_notification:Sending desktop notification using 'notify2'
[1.061s] DEBUG:colcon.colcon_core.event_reactor:joined thread
[1.061s] INFO:colcon.colcon_core.shell:Creating prefix script '/home/nobel/drone_ws/install/local_setup.ps1'
[1.062s] INFO:colcon.colcon_core.shell:Creating prefix util module '/home/nobel/drone_ws/install/_local_setup_util_ps1.py'
[1.063s] INFO:colcon.colcon_core.shell:Creating prefix chain script '/home/nobel/drone_ws/install/setup.ps1'
[1.065s] INFO:colcon.colcon_core.shell:Creating prefix script '/home/nobel/drone_ws/install/local_setup.sh'
[1.066s] INFO:colcon.colcon_core.shell:Creating prefix util module '/home/nobel/drone_ws/install/_local_setup_util_sh.py'
[1.066s] INFO:colcon.colcon_core.shell:Creating prefix chain script '/home/nobel/drone_ws/install/setup.sh'
[1.068s] INFO:colcon.colcon_core.shell:Creating prefix script '/home/nobel/drone_ws/install/local_setup.bash'
[1.068s] INFO:colcon.colcon_core.shell:Creating prefix chain script '/home/nobel/drone_ws/install/setup.bash'
[1.070s] INFO:colcon.colcon_core.shell:Creating prefix script '/home/nobel/drone_ws/install/local_setup.zsh'
[1.071s] INFO:colcon.colcon_core.shell:Creating prefix chain script '/home/nobel/drone_ws/install/setup.zsh'
