running egg_info
creating ../../build/drone_description/drone_description.egg-info
writing ../../build/drone_description/drone_description.egg-info/PKG-INFO
writing dependency_links to ../../build/drone_description/drone_description.egg-info/dependency_links.txt
writing entry points to ../../build/drone_description/drone_description.egg-info/entry_points.txt
writing requirements to ../../build/drone_description/drone_description.egg-info/requires.txt
writing top-level names to ../../build/drone_description/drone_description.egg-info/top_level.txt
writing manifest file '../../build/drone_description/drone_description.egg-info/SOURCES.txt'
reading manifest file '../../build/drone_description/drone_description.egg-info/SOURCES.txt'
adding license file 'LICENSE'
writing manifest file '../../build/drone_description/drone_description.egg-info/SOURCES.txt'
running build
running build_py
creating /home/nobel/drone_ws/build/drone_description/build
creating /home/nobel/drone_ws/build/drone_description/build/lib
creating /home/nobel/drone_ws/build/drone_description/build/lib/drone_description
copying drone_description/__init__.py -> /home/nobel/drone_ws/build/drone_description/build/lib/drone_description
running install
running install_lib
creating /home/nobel/drone_ws/install/drone_description/lib/python3.10/site-packages/drone_description
copying /home/nobel/drone_ws/build/drone_description/build/lib/drone_description/__init__.py -> /home/nobel/drone_ws/install/drone_description/lib/python3.10/site-packages/drone_description
byte-compiling /home/nobel/drone_ws/install/drone_description/lib/python3.10/site-packages/drone_description/__init__.py to __init__.cpython-310.pyc
running install_data
creating /home/nobel/drone_ws/install/drone_description/share/ament_index
creating /home/nobel/drone_ws/install/drone_description/share/ament_index/resource_index
creating /home/nobel/drone_ws/install/drone_description/share/ament_index/resource_index/packages
copying resource/drone_description -> /home/nobel/drone_ws/install/drone_description/share/ament_index/resource_index/packages
copying package.xml -> /home/nobel/drone_ws/install/drone_description/share/drone_description
running install_egg_info
Copying ../../build/drone_description/drone_description.egg-info to /home/nobel/drone_ws/install/drone_description/lib/python3.10/site-packages/drone_description-0.0.0-py3.10.egg-info
running install_scripts
writing list of installed files to '/home/nobel/drone_ws/build/drone_description/install.log'
