[0.452s] Invoking command in '/home/nobel/drone_ws/src/drone_description': PYTHONPATH=/home/nobel/drone_ws/build/drone_description/prefix_override:/usr/lib/python3/dist-packages/colcon_core/task/python/colcon_distutils_commands:/home/nobel/drone_ws/install/drone_description/lib/python3.10/site-packages:${PYTHONPATH} /usr/bin/python3 -W ignore:setup.py install is deprecated -W ignore:easy_install command is deprecated setup.py egg_info --egg-base ../../build/drone_description build --build-base /home/nobel/drone_ws/build/drone_description/build install --record /home/nobel/drone_ws/build/drone_description/install.log --single-version-externally-managed install_data
[0.616s] running egg_info
[0.617s] creating ../../build/drone_description/drone_description.egg-info
[0.617s] writing ../../build/drone_description/drone_description.egg-info/PKG-INFO
[0.617s] writing dependency_links to ../../build/drone_description/drone_description.egg-info/dependency_links.txt
[0.617s] writing entry points to ../../build/drone_description/drone_description.egg-info/entry_points.txt
[0.617s] writing requirements to ../../build/drone_description/drone_description.egg-info/requires.txt
[0.617s] writing top-level names to ../../build/drone_description/drone_description.egg-info/top_level.txt
[0.617s] writing manifest file '../../build/drone_description/drone_description.egg-info/SOURCES.txt'
[0.618s] reading manifest file '../../build/drone_description/drone_description.egg-info/SOURCES.txt'
[0.618s] adding license file 'LICENSE'
[0.619s] writing manifest file '../../build/drone_description/drone_description.egg-info/SOURCES.txt'
[0.619s] running build
[0.619s] running build_py
[0.619s] creating /home/nobel/drone_ws/build/drone_description/build
[0.619s] creating /home/nobel/drone_ws/build/drone_description/build/lib
[0.619s] creating /home/nobel/drone_ws/build/drone_description/build/lib/drone_description
[0.619s] copying drone_description/__init__.py -> /home/nobel/drone_ws/build/drone_description/build/lib/drone_description
[0.619s] running install
[0.619s] running install_lib
[0.619s] creating /home/nobel/drone_ws/install/drone_description/lib/python3.10/site-packages/drone_description
[0.619s] copying /home/nobel/drone_ws/build/drone_description/build/lib/drone_description/__init__.py -> /home/nobel/drone_ws/install/drone_description/lib/python3.10/site-packages/drone_description
[0.620s] byte-compiling /home/nobel/drone_ws/install/drone_description/lib/python3.10/site-packages/drone_description/__init__.py to __init__.cpython-310.pyc
[0.620s] running install_data
[0.620s] creating /home/nobel/drone_ws/install/drone_description/share/ament_index
[0.620s] creating /home/nobel/drone_ws/install/drone_description/share/ament_index/resource_index
[0.620s] creating /home/nobel/drone_ws/install/drone_description/share/ament_index/resource_index/packages
[0.620s] copying resource/drone_description -> /home/nobel/drone_ws/install/drone_description/share/ament_index/resource_index/packages
[0.620s] copying package.xml -> /home/nobel/drone_ws/install/drone_description/share/drone_description
[0.620s] running install_egg_info
[0.622s] Copying ../../build/drone_description/drone_description.egg-info to /home/nobel/drone_ws/install/drone_description/lib/python3.10/site-packages/drone_description-0.0.0-py3.10.egg-info
[0.622s] running install_scripts
[0.635s] writing list of installed files to '/home/nobel/drone_ws/build/drone_description/install.log'
[0.652s] Invoked command in '/home/nobel/drone_ws/src/drone_description' returned '0': PYTHONPATH=/home/nobel/drone_ws/build/drone_description/prefix_override:/usr/lib/python3/dist-packages/colcon_core/task/python/colcon_distutils_commands:/home/nobel/drone_ws/install/drone_description/lib/python3.10/site-packages:${PYTHONPATH} /usr/bin/python3 -W ignore:setup.py install is deprecated -W ignore:easy_install command is deprecated setup.py egg_info --egg-base ../../build/drone_description build --build-base /home/nobel/drone_ws/build/drone_description/build install --record /home/nobel/drone_ws/build/drone_description/install.log --single-version-externally-managed install_data
