[0.175s] Invoking command in '/home/nobel/drone_ws/build/drone_description': CMAKE_PREFIX_PATH=/opt/ros/humble /usr/bin/cmake --build /home/nobel/drone_ws/build/drone_description -- -j16 -l16
[0.193s] -- Found ament_cmake: 1.3.11 (/opt/ros/humble/share/ament_cmake/cmake)
[0.274s] -- Found urdf: 2.6.1 (/opt/ros/humble/share/urdf/cmake)
[0.295s] -- Found xacro: 2.0.8 (/opt/ros/humble/share/xacro/cmake)
[0.295s] -- Found ament_lint_auto: 0.12.11 (/opt/ros/humble/share/ament_lint_auto/cmake)
[0.354s] -- Added test 'lint_cmake' to check CMake code style
[0.355s] -- Added test 'xmllint' to check XML markup files
[0.355s] -- Configuring done
[0.357s] -- Generating done
[0.358s] -- Build files have been written to: /home/nobel/drone_ws/build/drone_description
[0.379s] Invoked command in '/home/nobel/drone_ws/build/drone_description' returned '0': CMAKE_PREFIX_PATH=/opt/ros/humble /usr/bin/cmake --build /home/nobel/drone_ws/build/drone_description -- -j16 -l16
[0.387s] Invoking command in '/home/nobel/drone_ws/build/drone_description': CMAKE_PREFIX_PATH=/opt/ros/humble /usr/bin/cmake --install /home/nobel/drone_ws/build/drone_description
[0.394s] -- Install configuration: ""
[0.394s] -- Up-to-date: /home/nobel/drone_ws/install/drone_description/share/drone_description/launch
[0.394s] [31mCMake Error at cmake_install.cmake:46 (file):
[0.394s]   file INSTALL cannot find
[0.394s]   "/home/nobel/drone_ws/src/drone_description/meshes": No such file or
[0.394s]   directory.
[0.394s] 
[0.395s] [0m
[0.396s] Invoked command in '/home/nobel/drone_ws/build/drone_description' returned '1': CMAKE_PREFIX_PATH=/opt/ros/humble /usr/bin/cmake --install /home/nobel/drone_ws/build/drone_description
