[0.080s] DEBUG:colcon:Command line arguments: ['/usr/bin/colcon', 'build']
[0.080s] DEBUG:colcon:Parsed command line arguments: Namespace(log_base=None, log_level=None, verb_name='build', build_base='build', install_base='install', merge_install=False, symlink_install=False, test_result_base=None, continue_on_error=False, executor='parallel', parallel_workers=16, event_handlers=None, ignore_user_meta=False, metas=['./colcon.meta'], base_paths=['.'], packages_ignore=None, packages_ignore_regex=None, paths=None, packages_up_to=None, packages_up_to_regex=None, packages_above=None, packages_above_and_dependencies=None, packages_above_depth=None, packages_select_by_dep=None, packages_skip_by_dep=None, packages_skip_up_to=None, packages_select_build_failed=False, packages_skip_build_finished=False, packages_select_test_failures=False, packages_skip_test_passed=False, packages_select=None, packages_skip=None, packages_select_regex=None, packages_skip_regex=None, packages_start=None, packages_end=None, allow_overriding=[], cmake_args=None, cmake_target=None, cmake_target_skip_unavailable=False, cmake_clean_cache=False, cmake_clean_first=False, cmake_force_configure=False, ament_cmake_args=None, catkin_cmake_args=None, catkin_skip_building_tests=False, verb_parser=<colcon_defaults.argument_parser.defaults.DefaultArgumentsDecorator object at 0x726159691660>, verb_extension=<colcon_core.verb.build.BuildVerb object at 0x726159691150>, main=<bound method BuildVerb.main of <colcon_core.verb.build.BuildVerb object at 0x726159691150>>)
[0.190s] Level 1:colcon.colcon_core.package_discovery:discover_packages(colcon_meta) check parameters
[0.190s] Level 1:colcon.colcon_core.package_discovery:discover_packages(recursive) check parameters
[0.190s] Level 1:colcon.colcon_core.package_discovery:discover_packages(ignore) check parameters
[0.190s] Level 1:colcon.colcon_core.package_discovery:discover_packages(path) check parameters
[0.190s] Level 1:colcon.colcon_core.package_discovery:discover_packages(colcon_meta) discover
[0.190s] Level 1:colcon.colcon_core.package_discovery:discover_packages(recursive) discover
[0.190s] INFO:colcon.colcon_core.package_discovery:Crawling recursively for packages in '/home/nobel/drone_ws'
[0.190s] Level 1:colcon.colcon_core.package_identification:_identify(.) by extensions ['ignore', 'ignore_ament_install']
[0.190s] Level 1:colcon.colcon_core.package_identification:_identify(.) by extension 'ignore'
[0.190s] Level 1:colcon.colcon_core.package_identification:_identify(.) by extension 'ignore_ament_install'
[0.190s] Level 1:colcon.colcon_core.package_identification:_identify(.) by extensions ['colcon_pkg']
[0.190s] Level 1:colcon.colcon_core.package_identification:_identify(.) by extension 'colcon_pkg'
[0.190s] Level 1:colcon.colcon_core.package_identification:_identify(.) by extensions ['colcon_meta']
[0.190s] Level 1:colcon.colcon_core.package_identification:_identify(.) by extension 'colcon_meta'
[0.190s] Level 1:colcon.colcon_core.package_identification:_identify(.) by extensions ['ros']
[0.190s] Level 1:colcon.colcon_core.package_identification:_identify(.) by extension 'ros'
[0.210s] Level 1:colcon.colcon_core.package_identification:_identify(.) by extensions ['cmake', 'python']
[0.210s] Level 1:colcon.colcon_core.package_identification:_identify(.) by extension 'cmake'
[0.210s] Level 1:colcon.colcon_core.package_identification:_identify(.) by extension 'python'
[0.211s] Level 1:colcon.colcon_core.package_identification:_identify(.) by extensions ['python_setup_py']
[0.211s] Level 1:colcon.colcon_core.package_identification:_identify(.) by extension 'python_setup_py'
[0.211s] Level 1:colcon.colcon_core.package_identification:_identify(build) by extensions ['ignore', 'ignore_ament_install']
[0.211s] Level 1:colcon.colcon_core.package_identification:_identify(build) by extension 'ignore'
[0.211s] Level 1:colcon.colcon_core.package_identification:_identify(build) ignored
[0.211s] Level 1:colcon.colcon_core.package_identification:_identify(install) by extensions ['ignore', 'ignore_ament_install']
[0.211s] Level 1:colcon.colcon_core.package_identification:_identify(install) by extension 'ignore'
[0.211s] Level 1:colcon.colcon_core.package_identification:_identify(install) ignored
[0.211s] Level 1:colcon.colcon_core.package_identification:_identify(log) by extensions ['ignore', 'ignore_ament_install']
[0.211s] Level 1:colcon.colcon_core.package_identification:_identify(log) by extension 'ignore'
[0.211s] Level 1:colcon.colcon_core.package_identification:_identify(log) ignored
[0.211s] Level 1:colcon.colcon_core.package_identification:_identify(src) by extensions ['ignore', 'ignore_ament_install']
[0.211s] Level 1:colcon.colcon_core.package_identification:_identify(src) by extension 'ignore'
[0.211s] Level 1:colcon.colcon_core.package_identification:_identify(src) by extension 'ignore_ament_install'
[0.211s] Level 1:colcon.colcon_core.package_identification:_identify(src) by extensions ['colcon_pkg']
[0.211s] Level 1:colcon.colcon_core.package_identification:_identify(src) by extension 'colcon_pkg'
[0.211s] Level 1:colcon.colcon_core.package_identification:_identify(src) by extensions ['colcon_meta']
[0.211s] Level 1:colcon.colcon_core.package_identification:_identify(src) by extension 'colcon_meta'
[0.211s] Level 1:colcon.colcon_core.package_identification:_identify(src) by extensions ['ros']
[0.211s] Level 1:colcon.colcon_core.package_identification:_identify(src) by extension 'ros'
[0.211s] Level 1:colcon.colcon_core.package_identification:_identify(src) by extensions ['cmake', 'python']
[0.211s] Level 1:colcon.colcon_core.package_identification:_identify(src) by extension 'cmake'
[0.211s] Level 1:colcon.colcon_core.package_identification:_identify(src) by extension 'python'
[0.211s] Level 1:colcon.colcon_core.package_identification:_identify(src) by extensions ['python_setup_py']
[0.211s] Level 1:colcon.colcon_core.package_identification:_identify(src) by extension 'python_setup_py'
[0.211s] Level 1:colcon.colcon_core.package_identification:_identify(src/drone_control) by extensions ['ignore', 'ignore_ament_install']
[0.211s] Level 1:colcon.colcon_core.package_identification:_identify(src/drone_control) by extension 'ignore'
[0.211s] Level 1:colcon.colcon_core.package_identification:_identify(src/drone_control) by extension 'ignore_ament_install'
[0.211s] Level 1:colcon.colcon_core.package_identification:_identify(src/drone_control) by extensions ['colcon_pkg']
[0.211s] Level 1:colcon.colcon_core.package_identification:_identify(src/drone_control) by extension 'colcon_pkg'
[0.211s] Level 1:colcon.colcon_core.package_identification:_identify(src/drone_control) by extensions ['colcon_meta']
[0.211s] Level 1:colcon.colcon_core.package_identification:_identify(src/drone_control) by extension 'colcon_meta'
[0.211s] Level 1:colcon.colcon_core.package_identification:_identify(src/drone_control) by extensions ['ros']
[0.211s] Level 1:colcon.colcon_core.package_identification:_identify(src/drone_control) by extension 'ros'
[0.213s] DEBUG:colcon.colcon_core.package_identification:Package 'src/drone_control' with type 'ros.ament_python' and name 'drone_control'
[0.213s] Level 1:colcon.colcon_core.package_identification:_identify(src/drone_description) by extensions ['ignore', 'ignore_ament_install']
[0.213s] Level 1:colcon.colcon_core.package_identification:_identify(src/drone_description) by extension 'ignore'
[0.213s] Level 1:colcon.colcon_core.package_identification:_identify(src/drone_description) by extension 'ignore_ament_install'
[0.213s] Level 1:colcon.colcon_core.package_identification:_identify(src/drone_description) by extensions ['colcon_pkg']
[0.213s] Level 1:colcon.colcon_core.package_identification:_identify(src/drone_description) by extension 'colcon_pkg'
[0.213s] Level 1:colcon.colcon_core.package_identification:_identify(src/drone_description) by extensions ['colcon_meta']
[0.213s] Level 1:colcon.colcon_core.package_identification:_identify(src/drone_description) by extension 'colcon_meta'
[0.213s] Level 1:colcon.colcon_core.package_identification:_identify(src/drone_description) by extensions ['ros']
[0.213s] Level 1:colcon.colcon_core.package_identification:_identify(src/drone_description) by extension 'ros'
[0.214s] DEBUG:colcon.colcon_core.package_identification:Package 'src/drone_description' with type 'ros.ament_cmake' and name 'drone_description'
[0.214s] Level 1:colcon.colcon_core.package_discovery:discover_packages(recursive) using defaults
[0.214s] Level 1:colcon.colcon_core.package_discovery:discover_packages(ignore) discover
[0.214s] Level 1:colcon.colcon_core.package_discovery:discover_packages(ignore) using defaults
[0.214s] Level 1:colcon.colcon_core.package_discovery:discover_packages(path) discover
[0.214s] Level 1:colcon.colcon_core.package_discovery:discover_packages(path) using defaults
[0.225s] Level 1:colcon.colcon_core.package_discovery:discover_packages(prefix_path) check parameters
[0.225s] Level 1:colcon.colcon_core.package_discovery:discover_packages(prefix_path) discover
[0.228s] DEBUG:colcon.colcon_installed_package_information.package_discovery:Found 2 installed packages in /home/nobel/drone_ws/install
[0.229s] DEBUG:colcon.colcon_installed_package_information.package_discovery:Found 444 installed packages in /opt/ros/humble
[0.231s] Level 1:colcon.colcon_core.package_discovery:discover_packages(prefix_path) using defaults
[0.258s] Level 5:colcon.colcon_core.verb:set package 'drone_control' build argument 'cmake_args' from command line to 'None'
[0.258s] Level 5:colcon.colcon_core.verb:set package 'drone_control' build argument 'cmake_target' from command line to 'None'
[0.258s] Level 5:colcon.colcon_core.verb:set package 'drone_control' build argument 'cmake_target_skip_unavailable' from command line to 'False'
[0.258s] Level 5:colcon.colcon_core.verb:set package 'drone_control' build argument 'cmake_clean_cache' from command line to 'False'
[0.258s] Level 5:colcon.colcon_core.verb:set package 'drone_control' build argument 'cmake_clean_first' from command line to 'False'
[0.258s] Level 5:colcon.colcon_core.verb:set package 'drone_control' build argument 'cmake_force_configure' from command line to 'False'
[0.258s] Level 5:colcon.colcon_core.verb:set package 'drone_control' build argument 'ament_cmake_args' from command line to 'None'
[0.258s] Level 5:colcon.colcon_core.verb:set package 'drone_control' build argument 'catkin_cmake_args' from command line to 'None'
[0.258s] Level 5:colcon.colcon_core.verb:set package 'drone_control' build argument 'catkin_skip_building_tests' from command line to 'False'
[0.258s] DEBUG:colcon.colcon_core.verb:Building package 'drone_control' with the following arguments: {'ament_cmake_args': None, 'build_base': '/home/nobel/drone_ws/build/drone_control', 'catkin_cmake_args': None, 'catkin_skip_building_tests': False, 'cmake_args': None, 'cmake_clean_cache': False, 'cmake_clean_first': False, 'cmake_force_configure': False, 'cmake_target': None, 'cmake_target_skip_unavailable': False, 'install_base': '/home/nobel/drone_ws/install/drone_control', 'merge_install': False, 'path': '/home/nobel/drone_ws/src/drone_control', 'symlink_install': False, 'test_result_base': None}
[0.258s] Level 5:colcon.colcon_core.verb:set package 'drone_description' build argument 'cmake_args' from command line to 'None'
[0.258s] Level 5:colcon.colcon_core.verb:set package 'drone_description' build argument 'cmake_target' from command line to 'None'
[0.258s] Level 5:colcon.colcon_core.verb:set package 'drone_description' build argument 'cmake_target_skip_unavailable' from command line to 'False'
[0.258s] Level 5:colcon.colcon_core.verb:set package 'drone_description' build argument 'cmake_clean_cache' from command line to 'False'
[0.258s] Level 5:colcon.colcon_core.verb:set package 'drone_description' build argument 'cmake_clean_first' from command line to 'False'
[0.258s] Level 5:colcon.colcon_core.verb:set package 'drone_description' build argument 'cmake_force_configure' from command line to 'False'
[0.258s] Level 5:colcon.colcon_core.verb:set package 'drone_description' build argument 'ament_cmake_args' from command line to 'None'
[0.258s] Level 5:colcon.colcon_core.verb:set package 'drone_description' build argument 'catkin_cmake_args' from command line to 'None'
[0.258s] Level 5:colcon.colcon_core.verb:set package 'drone_description' build argument 'catkin_skip_building_tests' from command line to 'False'
[0.258s] DEBUG:colcon.colcon_core.verb:Building package 'drone_description' with the following arguments: {'ament_cmake_args': None, 'build_base': '/home/nobel/drone_ws/build/drone_description', 'catkin_cmake_args': None, 'catkin_skip_building_tests': False, 'cmake_args': None, 'cmake_clean_cache': False, 'cmake_clean_first': False, 'cmake_force_configure': False, 'cmake_target': None, 'cmake_target_skip_unavailable': False, 'install_base': '/home/nobel/drone_ws/install/drone_description', 'merge_install': False, 'path': '/home/nobel/drone_ws/src/drone_description', 'symlink_install': False, 'test_result_base': None}
[0.258s] INFO:colcon.colcon_core.executor:Executing jobs using 'parallel' executor
[0.259s] DEBUG:colcon.colcon_parallel_executor.executor.parallel:run_until_complete
[0.259s] INFO:colcon.colcon_ros.task.ament_python.build:Building ROS package in '/home/nobel/drone_ws/src/drone_control' with build type 'ament_python'
[0.259s] Level 1:colcon.colcon_core.shell:create_environment_hook('drone_control', 'ament_prefix_path')
[0.263s] INFO:colcon.colcon_core.plugin_system:Skipping extension 'colcon_core.shell.bat': Not used on non-Windows systems
[0.263s] INFO:colcon.colcon_core.shell:Creating environment hook '/home/nobel/drone_ws/install/drone_control/share/drone_control/hook/ament_prefix_path.ps1'
[0.264s] INFO:colcon.colcon_core.shell:Creating environment descriptor '/home/nobel/drone_ws/install/drone_control/share/drone_control/hook/ament_prefix_path.dsv'
[0.265s] INFO:colcon.colcon_core.shell:Creating environment hook '/home/nobel/drone_ws/install/drone_control/share/drone_control/hook/ament_prefix_path.sh'
[0.265s] INFO:colcon.colcon_core.shell:Skip shell extension 'powershell' for command environment: Not usable outside of PowerShell
[0.265s] DEBUG:colcon.colcon_core.shell:Skip shell extension 'dsv' for command environment
[0.268s] INFO:colcon.colcon_ros.task.ament_cmake.build:Building ROS package in '/home/nobel/drone_ws/src/drone_description' with build type 'ament_cmake'
[0.268s] INFO:colcon.colcon_cmake.task.cmake.build:Building CMake package in '/home/nobel/drone_ws/src/drone_description'
[0.268s] INFO:colcon.colcon_core.shell:Skip shell extension 'powershell' for command environment: Not usable outside of PowerShell
[0.268s] DEBUG:colcon.colcon_core.shell:Skip shell extension 'dsv' for command environment
[0.442s] INFO:colcon.colcon_core.task.python.build:Building Python package in '/home/nobel/drone_ws/src/drone_control'
[0.442s] INFO:colcon.colcon_core.shell:Skip shell extension 'powershell' for command environment: Not usable outside of PowerShell
[0.442s] DEBUG:colcon.colcon_core.shell:Skip shell extension 'dsv' for command environment
[0.447s] DEBUG:colcon.colcon_core.event_handler.log_command:Invoking command in '/home/nobel/drone_ws/build/drone_description': CMAKE_PREFIX_PATH=${CMAKE_PREFIX_PATH}:/home/nobel/drone_ws/install/drone_control:/opt/ros/humble /usr/bin/cmake /home/nobel/drone_ws/src/drone_description -DCMAKE_INSTALL_PREFIX=/home/nobel/drone_ws/install/drone_description
[0.713s] DEBUG:colcon.colcon_core.event_handler.log_command:Invoked command in '/home/nobel/drone_ws/build/drone_description' returned '0': CMAKE_PREFIX_PATH=${CMAKE_PREFIX_PATH}:/home/nobel/drone_ws/install/drone_control:/opt/ros/humble /usr/bin/cmake /home/nobel/drone_ws/src/drone_description -DCMAKE_INSTALL_PREFIX=/home/nobel/drone_ws/install/drone_description
[0.715s] DEBUG:colcon.colcon_core.event_handler.log_command:Invoking command in '/home/nobel/drone_ws/build/drone_description': CMAKE_PREFIX_PATH=${CMAKE_PREFIX_PATH}:/home/nobel/drone_ws/install/drone_control:/opt/ros/humble /usr/bin/cmake --build /home/nobel/drone_ws/build/drone_description -- -j16 -l16
[0.723s] DEBUG:colcon.colcon_core.event_handler.log_command:Invoking command in '/home/nobel/drone_ws/src/drone_control': PYTHONPATH=/home/nobel/drone_ws/build/drone_control/prefix_override:/usr/lib/python3/dist-packages/colcon_core/task/python/colcon_distutils_commands:/home/nobel/drone_ws/install/drone_control/lib/python3.10/site-packages:${PYTHONPATH} /usr/bin/python3 -W ignore:setup.py install is deprecated -W ignore:easy_install command is deprecated setup.py egg_info --egg-base ../../build/drone_control build --build-base /home/nobel/drone_ws/build/drone_control/build install --record /home/nobel/drone_ws/build/drone_control/install.log --single-version-externally-managed install_data
[0.752s] DEBUG:colcon.colcon_core.event_handler.log_command:Invoked command in '/home/nobel/drone_ws/build/drone_description' returned '0': CMAKE_PREFIX_PATH=${CMAKE_PREFIX_PATH}:/home/nobel/drone_ws/install/drone_control:/opt/ros/humble /usr/bin/cmake --build /home/nobel/drone_ws/build/drone_description -- -j16 -l16
[0.759s] DEBUG:colcon.colcon_core.event_handler.log_command:Invoking command in '/home/nobel/drone_ws/build/drone_description': CMAKE_PREFIX_PATH=${CMAKE_PREFIX_PATH}:/home/nobel/drone_ws/install/drone_control:/opt/ros/humble /usr/bin/cmake --install /home/nobel/drone_ws/build/drone_description
[0.784s] Level 1:colcon.colcon_core.environment:create_environment_scripts_only(drone_description)
[0.785s] DEBUG:colcon.colcon_core.event_handler.log_command:Invoked command in '/home/nobel/drone_ws/build/drone_description' returned '0': CMAKE_PREFIX_PATH=${CMAKE_PREFIX_PATH}:/home/nobel/drone_ws/install/drone_control:/opt/ros/humble /usr/bin/cmake --install /home/nobel/drone_ws/build/drone_description
[0.788s] Level 1:colcon.colcon_core.environment:checking '/home/nobel/drone_ws/install/drone_description' for CMake module files
[0.788s] Level 1:colcon.colcon_core.environment:checking '/home/nobel/drone_ws/install/drone_description' for CMake config files
[0.789s] Level 1:colcon.colcon_core.shell:create_environment_hook('drone_description', 'cmake_prefix_path')
[0.789s] INFO:colcon.colcon_core.shell:Creating environment hook '/home/nobel/drone_ws/install/drone_description/share/drone_description/hook/cmake_prefix_path.ps1'
[0.789s] INFO:colcon.colcon_core.shell:Creating environment descriptor '/home/nobel/drone_ws/install/drone_description/share/drone_description/hook/cmake_prefix_path.dsv'
[0.790s] INFO:colcon.colcon_core.shell:Creating environment hook '/home/nobel/drone_ws/install/drone_description/share/drone_description/hook/cmake_prefix_path.sh'
[0.790s] Level 1:colcon.colcon_core.environment:checking '/home/nobel/drone_ws/install/drone_description/lib'
[0.790s] Level 1:colcon.colcon_core.environment:checking '/home/nobel/drone_ws/install/drone_description/bin'
[0.790s] Level 1:colcon.colcon_core.environment:checking '/home/nobel/drone_ws/install/drone_description/lib/pkgconfig/drone_description.pc'
[0.791s] Level 1:colcon.colcon_core.environment:checking '/home/nobel/drone_ws/install/drone_description/lib/python3.10/site-packages'
[0.791s] Level 1:colcon.colcon_core.shell:create_environment_hook('drone_description', 'pythonpath')
[0.791s] INFO:colcon.colcon_core.shell:Creating environment hook '/home/nobel/drone_ws/install/drone_description/share/drone_description/hook/pythonpath.ps1'
[0.791s] INFO:colcon.colcon_core.shell:Creating environment descriptor '/home/nobel/drone_ws/install/drone_description/share/drone_description/hook/pythonpath.dsv'
[0.791s] INFO:colcon.colcon_core.shell:Creating environment hook '/home/nobel/drone_ws/install/drone_description/share/drone_description/hook/pythonpath.sh'
[0.792s] Level 1:colcon.colcon_core.environment:checking '/home/nobel/drone_ws/install/drone_description/bin'
[0.792s] INFO:colcon.colcon_core.shell:Creating package script '/home/nobel/drone_ws/install/drone_description/share/drone_description/package.ps1'
[0.793s] INFO:colcon.colcon_core.shell:Creating package descriptor '/home/nobel/drone_ws/install/drone_description/share/drone_description/package.dsv'
[0.793s] INFO:colcon.colcon_core.shell:Creating package script '/home/nobel/drone_ws/install/drone_description/share/drone_description/package.sh'
[0.794s] INFO:colcon.colcon_core.shell:Creating package script '/home/nobel/drone_ws/install/drone_description/share/drone_description/package.bash'
[0.794s] INFO:colcon.colcon_core.shell:Creating package script '/home/nobel/drone_ws/install/drone_description/share/drone_description/package.zsh'
[0.795s] Level 1:colcon.colcon_core.environment:create_file_with_runtime_dependencies(/home/nobel/drone_ws/install/drone_description/share/colcon-core/packages/drone_description)
[0.796s] Level 1:colcon.colcon_core.environment:create_environment_scripts_only(drone_description)
[0.796s] Level 1:colcon.colcon_core.environment:checking '/home/nobel/drone_ws/install/drone_description' for CMake module files
[0.796s] Level 1:colcon.colcon_core.environment:checking '/home/nobel/drone_ws/install/drone_description' for CMake config files
[0.796s] Level 1:colcon.colcon_core.shell:create_environment_hook('drone_description', 'cmake_prefix_path')
[0.796s] INFO:colcon.colcon_core.shell:Creating environment hook '/home/nobel/drone_ws/install/drone_description/share/drone_description/hook/cmake_prefix_path.ps1'
[0.797s] INFO:colcon.colcon_core.shell:Creating environment descriptor '/home/nobel/drone_ws/install/drone_description/share/drone_description/hook/cmake_prefix_path.dsv'
[0.797s] INFO:colcon.colcon_core.shell:Creating environment hook '/home/nobel/drone_ws/install/drone_description/share/drone_description/hook/cmake_prefix_path.sh'
[0.797s] Level 1:colcon.colcon_core.environment:checking '/home/nobel/drone_ws/install/drone_description/lib'
[0.797s] Level 1:colcon.colcon_core.environment:checking '/home/nobel/drone_ws/install/drone_description/bin'
[0.797s] Level 1:colcon.colcon_core.environment:checking '/home/nobel/drone_ws/install/drone_description/lib/pkgconfig/drone_description.pc'
[0.797s] Level 1:colcon.colcon_core.environment:checking '/home/nobel/drone_ws/install/drone_description/lib/python3.10/site-packages'
[0.797s] Level 1:colcon.colcon_core.shell:create_environment_hook('drone_description', 'pythonpath')
[0.797s] INFO:colcon.colcon_core.shell:Creating environment hook '/home/nobel/drone_ws/install/drone_description/share/drone_description/hook/pythonpath.ps1'
[0.798s] INFO:colcon.colcon_core.shell:Creating environment descriptor '/home/nobel/drone_ws/install/drone_description/share/drone_description/hook/pythonpath.dsv'
[0.798s] INFO:colcon.colcon_core.shell:Creating environment hook '/home/nobel/drone_ws/install/drone_description/share/drone_description/hook/pythonpath.sh'
[0.798s] Level 1:colcon.colcon_core.environment:checking '/home/nobel/drone_ws/install/drone_description/bin'
[0.798s] INFO:colcon.colcon_core.shell:Creating package script '/home/nobel/drone_ws/install/drone_description/share/drone_description/package.ps1'
[0.799s] INFO:colcon.colcon_core.shell:Creating package descriptor '/home/nobel/drone_ws/install/drone_description/share/drone_description/package.dsv'
[0.799s] INFO:colcon.colcon_core.shell:Creating package script '/home/nobel/drone_ws/install/drone_description/share/drone_description/package.sh'
[0.799s] INFO:colcon.colcon_core.shell:Creating package script '/home/nobel/drone_ws/install/drone_description/share/drone_description/package.bash'
[0.800s] INFO:colcon.colcon_core.shell:Creating package script '/home/nobel/drone_ws/install/drone_description/share/drone_description/package.zsh'
[0.800s] Level 1:colcon.colcon_core.environment:create_file_with_runtime_dependencies(/home/nobel/drone_ws/install/drone_description/share/colcon-core/packages/drone_description)
[0.934s] Level 1:colcon.colcon_core.environment:checking '/home/nobel/drone_ws/install/drone_control' for CMake module files
[0.935s] DEBUG:colcon.colcon_core.event_handler.log_command:Invoked command in '/home/nobel/drone_ws/src/drone_control' returned '0': PYTHONPATH=/home/nobel/drone_ws/build/drone_control/prefix_override:/usr/lib/python3/dist-packages/colcon_core/task/python/colcon_distutils_commands:/home/nobel/drone_ws/install/drone_control/lib/python3.10/site-packages:${PYTHONPATH} /usr/bin/python3 -W ignore:setup.py install is deprecated -W ignore:easy_install command is deprecated setup.py egg_info --egg-base ../../build/drone_control build --build-base /home/nobel/drone_ws/build/drone_control/build install --record /home/nobel/drone_ws/build/drone_control/install.log --single-version-externally-managed install_data
[0.935s] Level 1:colcon.colcon_core.environment:checking '/home/nobel/drone_ws/install/drone_control' for CMake config files
[0.936s] Level 1:colcon.colcon_core.environment:checking '/home/nobel/drone_ws/install/drone_control/lib'
[0.936s] Level 1:colcon.colcon_core.environment:checking '/home/nobel/drone_ws/install/drone_control/bin'
[0.936s] Level 1:colcon.colcon_core.environment:checking '/home/nobel/drone_ws/install/drone_control/lib/pkgconfig/drone_control.pc'
[0.936s] Level 1:colcon.colcon_core.environment:checking '/home/nobel/drone_ws/install/drone_control/lib/python3.10/site-packages'
[0.936s] Level 1:colcon.colcon_core.shell:create_environment_hook('drone_control', 'pythonpath')
[0.936s] INFO:colcon.colcon_core.shell:Creating environment hook '/home/nobel/drone_ws/install/drone_control/share/drone_control/hook/pythonpath.ps1'
[0.936s] INFO:colcon.colcon_core.shell:Creating environment descriptor '/home/nobel/drone_ws/install/drone_control/share/drone_control/hook/pythonpath.dsv'
[0.937s] INFO:colcon.colcon_core.shell:Creating environment hook '/home/nobel/drone_ws/install/drone_control/share/drone_control/hook/pythonpath.sh'
[0.937s] Level 1:colcon.colcon_core.environment:checking '/home/nobel/drone_ws/install/drone_control/bin'
[0.937s] Level 1:colcon.colcon_core.environment:create_environment_scripts_only(drone_control)
[0.937s] INFO:colcon.colcon_core.shell:Creating package script '/home/nobel/drone_ws/install/drone_control/share/drone_control/package.ps1'
[0.938s] INFO:colcon.colcon_core.shell:Creating package descriptor '/home/nobel/drone_ws/install/drone_control/share/drone_control/package.dsv'
[0.938s] INFO:colcon.colcon_core.shell:Creating package script '/home/nobel/drone_ws/install/drone_control/share/drone_control/package.sh'
[0.938s] INFO:colcon.colcon_core.shell:Creating package script '/home/nobel/drone_ws/install/drone_control/share/drone_control/package.bash'
[0.938s] INFO:colcon.colcon_core.shell:Creating package script '/home/nobel/drone_ws/install/drone_control/share/drone_control/package.zsh'
[0.938s] Level 1:colcon.colcon_core.environment:create_file_with_runtime_dependencies(/home/nobel/drone_ws/install/drone_control/share/colcon-core/packages/drone_control)
[0.939s] DEBUG:colcon.colcon_parallel_executor.executor.parallel:closing loop
[0.939s] DEBUG:colcon.colcon_parallel_executor.executor.parallel:loop closed
[0.939s] DEBUG:colcon.colcon_parallel_executor.executor.parallel:run_until_complete finished with '0'
[0.939s] DEBUG:colcon.colcon_core.event_reactor:joining thread
[0.945s] INFO:colcon.colcon_core.plugin_system:Skipping extension 'colcon_notification.desktop_notification.terminal_notifier': Not used on non-Darwin systems
[0.945s] INFO:colcon.colcon_core.plugin_system:Skipping extension 'colcon_notification.desktop_notification.win32': Not used on non-Windows systems
[0.945s] INFO:colcon.colcon_notification.desktop_notification:Sending desktop notification using 'notify2'
[0.957s] DEBUG:colcon.colcon_core.event_reactor:joined thread
[0.957s] INFO:colcon.colcon_core.shell:Creating prefix script '/home/nobel/drone_ws/install/local_setup.ps1'
[0.958s] INFO:colcon.colcon_core.shell:Creating prefix util module '/home/nobel/drone_ws/install/_local_setup_util_ps1.py'
[0.959s] INFO:colcon.colcon_core.shell:Creating prefix chain script '/home/nobel/drone_ws/install/setup.ps1'
[0.960s] INFO:colcon.colcon_core.shell:Creating prefix script '/home/nobel/drone_ws/install/local_setup.sh'
[0.961s] INFO:colcon.colcon_core.shell:Creating prefix util module '/home/nobel/drone_ws/install/_local_setup_util_sh.py'
[0.962s] INFO:colcon.colcon_core.shell:Creating prefix chain script '/home/nobel/drone_ws/install/setup.sh'
[0.963s] INFO:colcon.colcon_core.shell:Creating prefix script '/home/nobel/drone_ws/install/local_setup.bash'
[0.963s] INFO:colcon.colcon_core.shell:Creating prefix chain script '/home/nobel/drone_ws/install/setup.bash'
[0.964s] INFO:colcon.colcon_core.shell:Creating prefix script '/home/nobel/drone_ws/install/local_setup.zsh'
[0.965s] INFO:colcon.colcon_core.shell:Creating prefix chain script '/home/nobel/drone_ws/install/setup.zsh'
