[0.010s] Invoking command in '/home/nobel/drone_ws/build/drone_description': CMAKE_PREFIX_PATH=${CMAKE_PREFIX_PATH}:/home/nobel/colcon_ws/install/ur5_control:/home/nobel/Drone_Related/Drones_Library/follow_drone_ws/install/sjtu_drone_bringup:/home/nobel/Gujrat_Government_Hexapod/gg_hexapod_ws/install/gg_controller:/home/nobel/workspace_arm/IRoC_U_arm/arm_ws/install/armkin_pkg:/home/nobel/workspace_arm/IRoC_U_arm/arm_ws/install/armcam_pkg:/home/nobel/install/armcam_pkg:/home/nobel/install/arduinobot_py_examples:/home/nobel/arduinobot_ws/install/arduinobot_py_examples:/opt/ros/humble /usr/bin/cmake /home/nobel/drone_ws/src/drone_description -DCMAKE_INSTALL_PREFIX=/home/nobel/drone_ws/install/drone_description
[0.120s] -- The C compiler identification is GNU 11.4.0
[0.208s] -- The CXX compiler identification is GNU 11.4.0
[0.215s] -- Detecting C compiler ABI info
[0.275s] -- Detecting C compiler ABI info - done
[0.282s] -- Check for working C compiler: /usr/bin/cc - skipped
[0.282s] -- Detecting C compile features
[0.283s] -- Detecting C compile features - done
[0.285s] -- Detecting CXX compiler ABI info
[0.356s] -- Detecting CXX compiler ABI info - done
[0.363s] -- Check for working CXX compiler: /usr/bin/c++ - skipped
[0.363s] -- Detecting CXX compile features
[0.363s] -- Detecting CXX compile features - done
[0.369s] -- Found ament_cmake: 1.3.11 (/opt/ros/humble/share/ament_cmake/cmake)
[0.492s] -- Found Python3: /usr/bin/python3 (found version "3.10.12") found components: Interpreter 
[0.595s] -- Found ament_lint_auto: 0.12.11 (/opt/ros/humble/share/ament_lint_auto/cmake)
[0.665s] -- Added test 'cppcheck' to perform static code analysis on C / C++ code
[0.665s] -- Configured cppcheck include dirs: $<BUILD_INTERFACE:/home/nobel/drone_ws/src/drone_description/include>
[0.665s] -- Configured cppcheck exclude dirs and/or files: 
[0.666s] -- Added test 'lint_cmake' to check CMake code style
[0.667s] -- Added test 'uncrustify' to check C / C++ code style
[0.667s] -- Configured uncrustify additional arguments: 
[0.668s] -- Added test 'xmllint' to check XML markup files
[0.669s] -- Configuring done
[0.671s] -- Generating done
[0.672s] -- Build files have been written to: /home/nobel/drone_ws/build/drone_description
[0.675s] Invoked command in '/home/nobel/drone_ws/build/drone_description' returned '0': CMAKE_PREFIX_PATH=${CMAKE_PREFIX_PATH}:/home/nobel/colcon_ws/install/ur5_control:/home/nobel/Drone_Related/Drones_Library/follow_drone_ws/install/sjtu_drone_bringup:/home/nobel/Gujrat_Government_Hexapod/gg_hexapod_ws/install/gg_controller:/home/nobel/workspace_arm/IRoC_U_arm/arm_ws/install/armkin_pkg:/home/nobel/workspace_arm/IRoC_U_arm/arm_ws/install/armcam_pkg:/home/nobel/install/armcam_pkg:/home/nobel/install/arduinobot_py_examples:/home/nobel/arduinobot_ws/install/arduinobot_py_examples:/opt/ros/humble /usr/bin/cmake /home/nobel/drone_ws/src/drone_description -DCMAKE_INSTALL_PREFIX=/home/nobel/drone_ws/install/drone_description
[0.677s] Invoking command in '/home/nobel/drone_ws/build/drone_description': CMAKE_PREFIX_PATH=${CMAKE_PREFIX_PATH}:/home/nobel/colcon_ws/install/ur5_control:/home/nobel/Drone_Related/Drones_Library/follow_drone_ws/install/sjtu_drone_bringup:/home/nobel/Gujrat_Government_Hexapod/gg_hexapod_ws/install/gg_controller:/home/nobel/workspace_arm/IRoC_U_arm/arm_ws/install/armkin_pkg:/home/nobel/workspace_arm/IRoC_U_arm/arm_ws/install/armcam_pkg:/home/nobel/install/armcam_pkg:/home/nobel/install/arduinobot_py_examples:/home/nobel/arduinobot_ws/install/arduinobot_py_examples:/opt/ros/humble /usr/bin/cmake --build /home/nobel/drone_ws/build/drone_description -- -j16 -l16
[0.714s] [ 50%] [32mBuilding CXX object CMakeFiles/description_node.dir/src/description_node.cpp.o[0m
[0.743s] [100%] [32m[1mLinking CXX executable description_node[0m
[0.778s] [100%] Built target description_node
[0.786s] Invoked command in '/home/nobel/drone_ws/build/drone_description' returned '0': CMAKE_PREFIX_PATH=${CMAKE_PREFIX_PATH}:/home/nobel/colcon_ws/install/ur5_control:/home/nobel/Drone_Related/Drones_Library/follow_drone_ws/install/sjtu_drone_bringup:/home/nobel/Gujrat_Government_Hexapod/gg_hexapod_ws/install/gg_controller:/home/nobel/workspace_arm/IRoC_U_arm/arm_ws/install/armkin_pkg:/home/nobel/workspace_arm/IRoC_U_arm/arm_ws/install/armcam_pkg:/home/nobel/install/armcam_pkg:/home/nobel/install/arduinobot_py_examples:/home/nobel/arduinobot_ws/install/arduinobot_py_examples:/opt/ros/humble /usr/bin/cmake --build /home/nobel/drone_ws/build/drone_description -- -j16 -l16
[0.795s] Invoking command in '/home/nobel/drone_ws/build/drone_description': CMAKE_PREFIX_PATH=${CMAKE_PREFIX_PATH}:/home/nobel/colcon_ws/install/ur5_control:/home/nobel/Drone_Related/Drones_Library/follow_drone_ws/install/sjtu_drone_bringup:/home/nobel/Gujrat_Government_Hexapod/gg_hexapod_ws/install/gg_controller:/home/nobel/workspace_arm/IRoC_U_arm/arm_ws/install/armkin_pkg:/home/nobel/workspace_arm/IRoC_U_arm/arm_ws/install/armcam_pkg:/home/nobel/install/armcam_pkg:/home/nobel/install/arduinobot_py_examples:/home/nobel/arduinobot_ws/install/arduinobot_py_examples:/opt/ros/humble /usr/bin/cmake --install /home/nobel/drone_ws/build/drone_description
[0.800s] -- Install configuration: ""
[0.801s] -- Installing: /home/nobel/drone_ws/install/drone_description/lib/drone_description/description_node
[0.801s] -- Installing: /home/nobel/drone_ws/install/drone_description/share/ament_index/resource_index/package_run_dependencies/drone_description
[0.801s] -- Installing: /home/nobel/drone_ws/install/drone_description/share/ament_index/resource_index/parent_prefix_path/drone_description
[0.801s] -- Installing: /home/nobel/drone_ws/install/drone_description/share/drone_description/environment/ament_prefix_path.sh
[0.801s] -- Installing: /home/nobel/drone_ws/install/drone_description/share/drone_description/environment/ament_prefix_path.dsv
[0.801s] -- Installing: /home/nobel/drone_ws/install/drone_description/share/drone_description/environment/path.sh
[0.801s] -- Installing: /home/nobel/drone_ws/install/drone_description/share/drone_description/environment/path.dsv
[0.801s] -- Installing: /home/nobel/drone_ws/install/drone_description/share/drone_description/local_setup.bash
[0.801s] -- Installing: /home/nobel/drone_ws/install/drone_description/share/drone_description/local_setup.sh
[0.801s] -- Installing: /home/nobel/drone_ws/install/drone_description/share/drone_description/local_setup.zsh
[0.801s] -- Installing: /home/nobel/drone_ws/install/drone_description/share/drone_description/local_setup.dsv
[0.801s] -- Installing: /home/nobel/drone_ws/install/drone_description/share/drone_description/package.dsv
[0.801s] -- Installing: /home/nobel/drone_ws/install/drone_description/share/ament_index/resource_index/packages/drone_description
[0.801s] -- Installing: /home/nobel/drone_ws/install/drone_description/share/drone_description/cmake/drone_descriptionConfig.cmake
[0.801s] -- Installing: /home/nobel/drone_ws/install/drone_description/share/drone_description/cmake/drone_descriptionConfig-version.cmake
[0.801s] -- Installing: /home/nobel/drone_ws/install/drone_description/share/drone_description/package.xml
[0.803s] Invoked command in '/home/nobel/drone_ws/build/drone_description' returned '0': CMAKE_PREFIX_PATH=${CMAKE_PREFIX_PATH}:/home/nobel/colcon_ws/install/ur5_control:/home/nobel/Drone_Related/Drones_Library/follow_drone_ws/install/sjtu_drone_bringup:/home/nobel/Gujrat_Government_Hexapod/gg_hexapod_ws/install/gg_controller:/home/nobel/workspace_arm/IRoC_U_arm/arm_ws/install/armkin_pkg:/home/nobel/workspace_arm/IRoC_U_arm/arm_ws/install/armcam_pkg:/home/nobel/install/armcam_pkg:/home/nobel/install/arduinobot_py_examples:/home/nobel/arduinobot_ws/install/arduinobot_py_examples:/opt/ros/humble /usr/bin/cmake --install /home/nobel/drone_ws/build/drone_description
