[0.012s] Invoking command in '/home/nobel/drone_ws/build/drone_bringup': CMAKE_PREFIX_PATH=${CMAKE_PREFIX_PATH}:/home/nobel/drone_ws/install/drone_control:/opt/ros/humble /usr/bin/cmake --build /home/nobel/drone_ws/build/drone_bringup -- -j16 -l16
[0.209s] -- Found ament_cmake: 1.3.11 (/opt/ros/humble/share/ament_cmake/cmake)
[0.210s] -- Found ament_lint_auto: 0.12.11 (/opt/ros/humble/share/ament_lint_auto/cmake)
[0.210s] -- Added test 'lint_cmake' to check CMake code style
[0.210s] -- Added test 'xmllint' to check XML markup files
[0.211s] -- Configuring done
[0.211s] -- Generating done
[0.211s] -- Build files have been written to: /home/nobel/drone_ws/build/drone_bringup
[0.212s] Invoked command in '/home/nobel/drone_ws/build/drone_bringup' returned '0': CMAKE_PREFIX_PATH=${CMAKE_PREFIX_PATH}:/home/nobel/drone_ws/install/drone_control:/opt/ros/humble /usr/bin/cmake --build /home/nobel/drone_ws/build/drone_bringup -- -j16 -l16
[0.219s] Invoking command in '/home/nobel/drone_ws/build/drone_bringup': CMAKE_PREFIX_PATH=${CMAKE_PREFIX_PATH}:/home/nobel/drone_ws/install/drone_control:/opt/ros/humble /usr/bin/cmake --install /home/nobel/drone_ws/build/drone_bringup
[0.226s] -- Install configuration: ""
[0.226s] -- Installing: /home/nobel/drone_ws/install/drone_bringup/share/drone_bringup/launch
[0.226s] -- Installing: /home/nobel/drone_ws/install/drone_bringup/share/drone_bringup/launch/drone.launch.xml
[0.226s] -- Up-to-date: /home/nobel/drone_ws/install/drone_bringup/share/ament_index/resource_index/package_run_dependencies/drone_bringup
[0.226s] -- Up-to-date: /home/nobel/drone_ws/install/drone_bringup/share/ament_index/resource_index/parent_prefix_path/drone_bringup
[0.227s] -- Up-to-date: /home/nobel/drone_ws/install/drone_bringup/share/drone_bringup/environment/ament_prefix_path.sh
[0.227s] -- Installing: /home/nobel/drone_ws/install/drone_bringup/share/drone_bringup/environment/ament_prefix_path.dsv
[0.227s] -- Up-to-date: /home/nobel/drone_ws/install/drone_bringup/share/drone_bringup/environment/path.sh
[0.227s] -- Installing: /home/nobel/drone_ws/install/drone_bringup/share/drone_bringup/environment/path.dsv
[0.227s] -- Up-to-date: /home/nobel/drone_ws/install/drone_bringup/share/drone_bringup/local_setup.bash
[0.227s] -- Up-to-date: /home/nobel/drone_ws/install/drone_bringup/share/drone_bringup/local_setup.sh
[0.227s] -- Up-to-date: /home/nobel/drone_ws/install/drone_bringup/share/drone_bringup/local_setup.zsh
[0.227s] -- Installing: /home/nobel/drone_ws/install/drone_bringup/share/drone_bringup/local_setup.dsv
[0.227s] -- Installing: /home/nobel/drone_ws/install/drone_bringup/share/drone_bringup/package.dsv
[0.227s] -- Up-to-date: /home/nobel/drone_ws/install/drone_bringup/share/ament_index/resource_index/packages/drone_bringup
[0.227s] -- Up-to-date: /home/nobel/drone_ws/install/drone_bringup/share/drone_bringup/cmake/drone_bringupConfig.cmake
[0.227s] -- Up-to-date: /home/nobel/drone_ws/install/drone_bringup/share/drone_bringup/cmake/drone_bringupConfig-version.cmake
[0.228s] -- Up-to-date: /home/nobel/drone_ws/install/drone_bringup/share/drone_bringup/package.xml
[0.229s] Invoked command in '/home/nobel/drone_ws/build/drone_bringup' returned '0': CMAKE_PREFIX_PATH=${CMAKE_PREFIX_PATH}:/home/nobel/drone_ws/install/drone_control:/opt/ros/humble /usr/bin/cmake --install /home/nobel/drone_ws/build/drone_bringup
