[0.188s] Invoking command in '/home/nobel/drone_ws/build/drone_description': CMAKE_PREFIX_PATH=${CMAKE_PREFIX_PATH}:/home/nobel/colcon_ws/install/ur5_control:/home/nobel/Drone_Related/Drones_Library/follow_drone_ws/install/sjtu_drone_bringup:/home/nobel/Gujrat_Government_Hexapod/gg_hexapod_ws/install/gg_controller:/home/nobel/workspace_arm/IRoC_U_arm/arm_ws/install/armkin_pkg:/home/nobel/workspace_arm/IRoC_U_arm/arm_ws/install/armcam_pkg:/home/nobel/install/armcam_pkg:/home/nobel/install/arduinobot_py_examples:/home/nobel/arduinobot_ws/install/arduinobot_py_examples:/opt/ros/humble /usr/bin/cmake --build /home/nobel/drone_ws/build/drone_description -- -j16 -l16
[0.222s] [35m[1mConsolidate compiler generated dependencies of target description_node[0m
[0.231s] [100%] Built target description_node
[0.240s] Invoked command in '/home/nobel/drone_ws/build/drone_description' returned '0': CMAKE_PREFIX_PATH=${CMAKE_PREFIX_PATH}:/home/nobel/colcon_ws/install/ur5_control:/home/nobel/Drone_Related/Drones_Library/follow_drone_ws/install/sjtu_drone_bringup:/home/nobel/Gujrat_Government_Hexapod/gg_hexapod_ws/install/gg_controller:/home/nobel/workspace_arm/IRoC_U_arm/arm_ws/install/armkin_pkg:/home/nobel/workspace_arm/IRoC_U_arm/arm_ws/install/armcam_pkg:/home/nobel/install/armcam_pkg:/home/nobel/install/arduinobot_py_examples:/home/nobel/arduinobot_ws/install/arduinobot_py_examples:/opt/ros/humble /usr/bin/cmake --build /home/nobel/drone_ws/build/drone_description -- -j16 -l16
[0.250s] Invoking command in '/home/nobel/drone_ws/build/drone_description': CMAKE_PREFIX_PATH=${CMAKE_PREFIX_PATH}:/home/nobel/colcon_ws/install/ur5_control:/home/nobel/Drone_Related/Drones_Library/follow_drone_ws/install/sjtu_drone_bringup:/home/nobel/Gujrat_Government_Hexapod/gg_hexapod_ws/install/gg_controller:/home/nobel/workspace_arm/IRoC_U_arm/arm_ws/install/armkin_pkg:/home/nobel/workspace_arm/IRoC_U_arm/arm_ws/install/armcam_pkg:/home/nobel/install/armcam_pkg:/home/nobel/install/arduinobot_py_examples:/home/nobel/arduinobot_ws/install/arduinobot_py_examples:/opt/ros/humble /usr/bin/cmake --install /home/nobel/drone_ws/build/drone_description
[0.257s] -- Install configuration: ""
[0.257s] -- Up-to-date: /home/nobel/drone_ws/install/drone_description/lib/drone_description/description_node
[0.257s] -- Up-to-date: /home/nobel/drone_ws/install/drone_description/share/ament_index/resource_index/package_run_dependencies/drone_description
[0.257s] -- Up-to-date: /home/nobel/drone_ws/install/drone_description/share/ament_index/resource_index/parent_prefix_path/drone_description
[0.257s] -- Up-to-date: /home/nobel/drone_ws/install/drone_description/share/drone_description/environment/ament_prefix_path.sh
[0.257s] -- Up-to-date: /home/nobel/drone_ws/install/drone_description/share/drone_description/environment/ament_prefix_path.dsv
[0.257s] -- Up-to-date: /home/nobel/drone_ws/install/drone_description/share/drone_description/environment/path.sh
[0.257s] -- Up-to-date: /home/nobel/drone_ws/install/drone_description/share/drone_description/environment/path.dsv
[0.257s] -- Up-to-date: /home/nobel/drone_ws/install/drone_description/share/drone_description/local_setup.bash
[0.257s] -- Up-to-date: /home/nobel/drone_ws/install/drone_description/share/drone_description/local_setup.sh
[0.257s] -- Up-to-date: /home/nobel/drone_ws/install/drone_description/share/drone_description/local_setup.zsh
[0.257s] -- Up-to-date: /home/nobel/drone_ws/install/drone_description/share/drone_description/local_setup.dsv
[0.257s] -- Up-to-date: /home/nobel/drone_ws/install/drone_description/share/drone_description/package.dsv
[0.257s] -- Up-to-date: /home/nobel/drone_ws/install/drone_description/share/ament_index/resource_index/packages/drone_description
[0.257s] -- Up-to-date: /home/nobel/drone_ws/install/drone_description/share/drone_description/cmake/drone_descriptionConfig.cmake
[0.257s] -- Up-to-date: /home/nobel/drone_ws/install/drone_description/share/drone_description/cmake/drone_descriptionConfig-version.cmake
[0.257s] -- Up-to-date: /home/nobel/drone_ws/install/drone_description/share/drone_description/package.xml
[0.258s] Invoked command in '/home/nobel/drone_ws/build/drone_description' returned '0': CMAKE_PREFIX_PATH=${CMAKE_PREFIX_PATH}:/home/nobel/colcon_ws/install/ur5_control:/home/nobel/Drone_Related/Drones_Library/follow_drone_ws/install/sjtu_drone_bringup:/home/nobel/Gujrat_Government_Hexapod/gg_hexapod_ws/install/gg_controller:/home/nobel/workspace_arm/IRoC_U_arm/arm_ws/install/armkin_pkg:/home/nobel/workspace_arm/IRoC_U_arm/arm_ws/install/armcam_pkg:/home/nobel/install/armcam_pkg:/home/nobel/install/arduinobot_py_examples:/home/nobel/arduinobot_ws/install/arduinobot_py_examples:/opt/ros/humble /usr/bin/cmake --install /home/nobel/drone_ws/build/drone_description
