[0.174s] Invoking command in '/home/nobel/drone_ws/build/drone_description': CMAKE_PREFIX_PATH=${CMAKE_PREFIX_PATH}:/home/nobel/drone_ws/install/drone_control:/opt/ros/humble /usr/bin/cmake /home/nobel/drone_ws/src/drone_description -DCMAKE_INSTALL_PREFIX=/home/nobel/drone_ws/install/drone_description
[0.182s] -- Found ament_cmake: 1.3.11 (/opt/ros/humble/share/ament_cmake/cmake)
[0.265s] -- Override CMake install command with custom implementation using symlinks instead of copying resources
[0.270s] -- Found urdf: 2.6.1 (/opt/ros/humble/share/urdf/cmake)
[0.290s] -- Found xacro: 2.0.8 (/opt/ros/humble/share/xacro/cmake)
[0.290s] -- Found ament_lint_auto: 0.12.11 (/opt/ros/humble/share/ament_lint_auto/cmake)
[0.349s] -- Added test 'lint_cmake' to check CMake code style
[0.349s] -- Added test 'xmllint' to check XML markup files
[0.350s] -- Configuring done
[0.351s] -- Generating done
[0.352s] -- Build files have been written to: /home/nobel/drone_ws/build/drone_description
[0.357s] Invoked command in '/home/nobel/drone_ws/build/drone_description' returned '0': CMAKE_PREFIX_PATH=${CMAKE_PREFIX_PATH}:/home/nobel/drone_ws/install/drone_control:/opt/ros/humble /usr/bin/cmake /home/nobel/drone_ws/src/drone_description -DCMAKE_INSTALL_PREFIX=/home/nobel/drone_ws/install/drone_description
[0.357s] Invoking command in '/home/nobel/drone_ws/build/drone_description': CMAKE_PREFIX_PATH=${CMAKE_PREFIX_PATH}:/home/nobel/drone_ws/install/drone_control:/opt/ros/humble /usr/bin/cmake --build /home/nobel/drone_ws/build/drone_description -- -j16 -l16
[0.389s] Invoked command in '/home/nobel/drone_ws/build/drone_description' returned '0': CMAKE_PREFIX_PATH=${CMAKE_PREFIX_PATH}:/home/nobel/drone_ws/install/drone_control:/opt/ros/humble /usr/bin/cmake --build /home/nobel/drone_ws/build/drone_description -- -j16 -l16
[0.397s] Invoking command in '/home/nobel/drone_ws/build/drone_description': CMAKE_PREFIX_PATH=${CMAKE_PREFIX_PATH}:/home/nobel/drone_ws/install/drone_control:/opt/ros/humble /usr/bin/cmake --install /home/nobel/drone_ws/build/drone_description
[0.404s] -- Install configuration: ""
[0.405s] -- Execute custom install script
[0.405s] -- Up-to-date symlink: /home/nobel/drone_ws/install/drone_description/share/drone_description/drone1/base.part
[0.405s] -- Up-to-date symlink: /home/nobel/drone_ws/install/drone_description/share/drone_description/drone1/base.stl
[0.405s] -- Up-to-date symlink: /home/nobel/drone_ws/install/drone_description/share/drone_description/drone1/config.json
[0.405s] -- Up-to-date symlink: /home/nobel/drone_ws/install/drone_description/share/drone_description/drone1/m1.part
[0.405s] -- Up-to-date symlink: /home/nobel/drone_ws/install/drone_description/share/drone_description/drone1/m1.stl
[0.405s] -- Up-to-date symlink: /home/nobel/drone_ws/install/drone_description/share/drone_description/drone1/m2.part
[0.406s] -- Up-to-date symlink: /home/nobel/drone_ws/install/drone_description/share/drone_description/drone1/m2.stl
[0.406s] -- Up-to-date symlink: /home/nobel/drone_ws/install/drone_description/share/drone_description/drone1/robot.urdf
[0.406s] -- Up-to-date symlink: /home/nobel/drone_ws/install/drone_description/share/ament_index/resource_index/package_run_dependencies/drone_description
[0.406s] -- Up-to-date symlink: /home/nobel/drone_ws/install/drone_description/share/ament_index/resource_index/parent_prefix_path/drone_description
[0.406s] -- Up-to-date symlink: /home/nobel/drone_ws/install/drone_description/share/drone_description/environment/ament_prefix_path.sh
[0.406s] -- Up-to-date symlink: /home/nobel/drone_ws/install/drone_description/share/drone_description/environment/ament_prefix_path.dsv
[0.406s] -- Up-to-date symlink: /home/nobel/drone_ws/install/drone_description/share/drone_description/environment/path.sh
[0.406s] -- Up-to-date symlink: /home/nobel/drone_ws/install/drone_description/share/drone_description/environment/path.dsv
[0.406s] -- Up-to-date symlink: /home/nobel/drone_ws/install/drone_description/share/drone_description/local_setup.bash
[0.407s] -- Up-to-date symlink: /home/nobel/drone_ws/install/drone_description/share/drone_description/local_setup.sh
[0.407s] -- Up-to-date symlink: /home/nobel/drone_ws/install/drone_description/share/drone_description/local_setup.zsh
[0.407s] -- Up-to-date symlink: /home/nobel/drone_ws/install/drone_description/share/drone_description/local_setup.dsv
[0.407s] -- Symlinking: /home/nobel/drone_ws/install/drone_description/share/drone_description/package.dsv
[0.415s] -- Up-to-date symlink: /home/nobel/drone_ws/install/drone_description/share/ament_index/resource_index/packages/drone_description
[0.415s] -- Up-to-date symlink: /home/nobel/drone_ws/install/drone_description/share/drone_description/cmake/drone_descriptionConfig.cmake
[0.415s] -- Up-to-date symlink: /home/nobel/drone_ws/install/drone_description/share/drone_description/cmake/drone_descriptionConfig-version.cmake
[0.415s] -- Up-to-date symlink: /home/nobel/drone_ws/install/drone_description/share/drone_description/package.xml
[0.418s] Invoked command in '/home/nobel/drone_ws/build/drone_description' returned '0': CMAKE_PREFIX_PATH=${CMAKE_PREFIX_PATH}:/home/nobel/drone_ws/install/drone_control:/opt/ros/humble /usr/bin/cmake --install /home/nobel/drone_ws/build/drone_description
