[0.179s] Invoking command in '/home/nobel/drone_ws/build/drone_description': CMAKE_PREFIX_PATH=${CMAKE_PREFIX_PATH}:/home/nobel/drone_ws/install/drone_control:/opt/ros/humble /usr/bin/cmake --build /home/nobel/drone_ws/build/drone_description -- -j16 -l16
[0.213s] Invoked command in '/home/nobel/drone_ws/build/drone_description' returned '0': CMAKE_PREFIX_PATH=${CMAKE_PREFIX_PATH}:/home/nobel/drone_ws/install/drone_control:/opt/ros/humble /usr/bin/cmake --build /home/nobel/drone_ws/build/drone_description -- -j16 -l16
[0.214s] Invoking command in '/home/nobel/drone_ws/build/drone_description': CMAKE_PREFIX_PATH=${CMAKE_PREFIX_PATH}:/home/nobel/drone_ws/install/drone_control:/opt/ros/humble /usr/bin/cmake --install /home/nobel/drone_ws/build/drone_description
[0.222s] -- Install configuration: ""
[0.222s] -- Execute custom install script
[0.222s] -- Up-to-date symlink: /home/nobel/drone_ws/install/drone_description/share/drone_description/launch/display.launch.py
[0.222s] -- Up-to-date symlink: /home/nobel/drone_ws/install/drone_description/share/drone_description/launch/display.launch.xml
[0.222s] -- Up-to-date symlink: /home/nobel/drone_ws/install/drone_description/share/drone_description/rviz/drone_conf.rviz
[0.223s] -- Up-to-date symlink: /home/nobel/drone_ws/install/drone_description/share/drone_description/drone1/base.part
[0.223s] -- Up-to-date symlink: /home/nobel/drone_ws/install/drone_description/share/drone_description/drone1/base.stl
[0.223s] -- Up-to-date symlink: /home/nobel/drone_ws/install/drone_description/share/drone_description/drone1/config.json
[0.223s] -- Up-to-date symlink: /home/nobel/drone_ws/install/drone_description/share/drone_description/drone1/m1.part
[0.223s] -- Up-to-date symlink: /home/nobel/drone_ws/install/drone_description/share/drone_description/drone1/m1.stl
[0.223s] -- Up-to-date symlink: /home/nobel/drone_ws/install/drone_description/share/drone_description/drone1/m2.part
[0.223s] -- Up-to-date symlink: /home/nobel/drone_ws/install/drone_description/share/drone_description/drone1/m2.stl
[0.223s] -- Up-to-date symlink: /home/nobel/drone_ws/install/drone_description/share/drone_description/drone1/main.urdf.xacro
[0.223s] -- Symlinking: /home/nobel/drone_ws/install/drone_description/share/drone_description/drone1/main_multi.urdf.xacro
[0.229s] -- Up-to-date symlink: /home/nobel/drone_ws/install/drone_description/share/drone_description/drone1/multi_robot.urdf.xacro
[0.229s] -- Up-to-date symlink: /home/nobel/drone_ws/install/drone_description/share/drone_description/drone1/robot.urdf.xacro
[0.230s] -- Up-to-date symlink: /home/nobel/drone_ws/install/drone_description/share/ament_index/resource_index/package_run_dependencies/drone_description
[0.230s] -- Up-to-date symlink: /home/nobel/drone_ws/install/drone_description/share/ament_index/resource_index/parent_prefix_path/drone_description
[0.230s] -- Up-to-date symlink: /home/nobel/drone_ws/install/drone_description/share/drone_description/environment/ament_prefix_path.sh
[0.230s] -- Up-to-date symlink: /home/nobel/drone_ws/install/drone_description/share/drone_description/environment/ament_prefix_path.dsv
[0.230s] -- Up-to-date symlink: /home/nobel/drone_ws/install/drone_description/share/drone_description/environment/path.sh
[0.230s] -- Up-to-date symlink: /home/nobel/drone_ws/install/drone_description/share/drone_description/environment/path.dsv
[0.230s] -- Up-to-date symlink: /home/nobel/drone_ws/install/drone_description/share/drone_description/local_setup.bash
[0.230s] -- Up-to-date symlink: /home/nobel/drone_ws/install/drone_description/share/drone_description/local_setup.sh
[0.230s] -- Up-to-date symlink: /home/nobel/drone_ws/install/drone_description/share/drone_description/local_setup.zsh
[0.230s] -- Up-to-date symlink: /home/nobel/drone_ws/install/drone_description/share/drone_description/local_setup.dsv
[0.230s] -- Symlinking: /home/nobel/drone_ws/install/drone_description/share/drone_description/package.dsv
[0.238s] -- Up-to-date symlink: /home/nobel/drone_ws/install/drone_description/share/ament_index/resource_index/packages/drone_description
[0.238s] -- Up-to-date symlink: /home/nobel/drone_ws/install/drone_description/share/drone_description/cmake/drone_descriptionConfig.cmake
[0.238s] -- Up-to-date symlink: /home/nobel/drone_ws/install/drone_description/share/drone_description/cmake/drone_descriptionConfig-version.cmake
[0.238s] -- Up-to-date symlink: /home/nobel/drone_ws/install/drone_description/share/drone_description/package.xml
[0.240s] Invoked command in '/home/nobel/drone_ws/build/drone_description' returned '0': CMAKE_PREFIX_PATH=${CMAKE_PREFIX_PATH}:/home/nobel/drone_ws/install/drone_control:/opt/ros/humble /usr/bin/cmake --install /home/nobel/drone_ws/build/drone_description
