[0.012s] Invoking command in '/home/nobel/drone_ws/build/drone_bringup': CMAKE_PREFIX_PATH=${CMAKE_PREFIX_PATH}:/home/nobel/drone_ws/install/drone_control:/opt/ros/humble /usr/bin/cmake --build /home/nobel/drone_ws/build/drone_bringup -- -j16 -l16
[0.186s] Invoked command in '/home/nobel/drone_ws/build/drone_bringup' returned '0': CMAKE_PREFIX_PATH=${CMAKE_PREFIX_PATH}:/home/nobel/drone_ws/install/drone_control:/opt/ros/humble /usr/bin/cmake --build /home/nobel/drone_ws/build/drone_bringup -- -j16 -l16
[0.192s] Invoking command in '/home/nobel/drone_ws/build/drone_bringup': CMAKE_PREFIX_PATH=${CMAKE_PREFIX_PATH}:/home/nobel/drone_ws/install/drone_control:/opt/ros/humble /usr/bin/cmake --install /home/nobel/drone_ws/build/drone_bringup
[0.197s] -- Install configuration: ""
[0.197s] -- Execute custom install script
[0.198s] -- Up-to-date symlink: /home/nobel/drone_ws/install/drone_bringup/share/drone_bringup/launch/drone.launch.xml
[0.198s] -- Up-to-date symlink: /home/nobel/drone_ws/install/drone_bringup/share/drone_bringup/launch/multi_drone.launch.xml
[0.198s] -- Up-to-date symlink: /home/nobel/drone_ws/install/drone_bringup/share/ament_index/resource_index/package_run_dependencies/drone_bringup
[0.198s] -- Up-to-date symlink: /home/nobel/drone_ws/install/drone_bringup/share/ament_index/resource_index/parent_prefix_path/drone_bringup
[0.198s] -- Up-to-date symlink: /home/nobel/drone_ws/install/drone_bringup/share/drone_bringup/environment/ament_prefix_path.sh
[0.198s] -- Up-to-date symlink: /home/nobel/drone_ws/install/drone_bringup/share/drone_bringup/environment/ament_prefix_path.dsv
[0.198s] -- Up-to-date symlink: /home/nobel/drone_ws/install/drone_bringup/share/drone_bringup/environment/path.sh
[0.198s] -- Up-to-date symlink: /home/nobel/drone_ws/install/drone_bringup/share/drone_bringup/environment/path.dsv
[0.198s] -- Up-to-date symlink: /home/nobel/drone_ws/install/drone_bringup/share/drone_bringup/local_setup.bash
[0.199s] -- Up-to-date symlink: /home/nobel/drone_ws/install/drone_bringup/share/drone_bringup/local_setup.sh
[0.199s] -- Up-to-date symlink: /home/nobel/drone_ws/install/drone_bringup/share/drone_bringup/local_setup.zsh
[0.199s] -- Up-to-date symlink: /home/nobel/drone_ws/install/drone_bringup/share/drone_bringup/local_setup.dsv
[0.199s] -- Symlinking: /home/nobel/drone_ws/install/drone_bringup/share/drone_bringup/package.dsv
[0.205s] -- Up-to-date symlink: /home/nobel/drone_ws/install/drone_bringup/share/ament_index/resource_index/packages/drone_bringup
[0.205s] -- Up-to-date symlink: /home/nobel/drone_ws/install/drone_bringup/share/drone_bringup/cmake/drone_bringupConfig.cmake
[0.205s] -- Up-to-date symlink: /home/nobel/drone_ws/install/drone_bringup/share/drone_bringup/cmake/drone_bringupConfig-version.cmake
[0.205s] -- Up-to-date symlink: /home/nobel/drone_ws/install/drone_bringup/share/drone_bringup/package.xml
[0.207s] Invoked command in '/home/nobel/drone_ws/build/drone_bringup' returned '0': CMAKE_PREFIX_PATH=${CMAKE_PREFIX_PATH}:/home/nobel/drone_ws/install/drone_control:/opt/ros/humble /usr/bin/cmake --install /home/nobel/drone_ws/build/drone_bringup
