[0.014s] Invoking command in '/home/nobel/drone_ws/build/drone_bringup': CMAKE_PREFIX_PATH=${CMAKE_PREFIX_PATH}:/home/nobel/drone_ws/install/drone_control:/opt/ros/humble /usr/bin/cmake /home/nobel/drone_ws/src/drone_bringup -DAMENT_CMAKE_SYMLINK_INSTALL=1 -DCMAKE_INSTALL_PREFIX=/home/nobel/drone_ws/install/drone_bringup
[0.201s] -- Found ament_cmake: 1.3.11 (/opt/ros/humble/share/ament_cmake/cmake)
[0.201s] -- Override CMake install command with custom implementation using symlinks instead of copying resources
[0.202s] -- Found ament_lint_auto: 0.12.11 (/opt/ros/humble/share/ament_lint_auto/cmake)
[0.202s] -- Added test 'lint_cmake' to check CMake code style
[0.203s] -- Added test 'xmllint' to check XML markup files
[0.203s] -- Configuring done
[0.203s] -- Generating done
[0.203s] -- Build files have been written to: /home/nobel/drone_ws/build/drone_bringup
[0.206s] Invoked command in '/home/nobel/drone_ws/build/drone_bringup' returned '0': CMAKE_PREFIX_PATH=${CMAKE_PREFIX_PATH}:/home/nobel/drone_ws/install/drone_control:/opt/ros/humble /usr/bin/cmake /home/nobel/drone_ws/src/drone_bringup -DAMENT_CMAKE_SYMLINK_INSTALL=1 -DCMAKE_INSTALL_PREFIX=/home/nobel/drone_ws/install/drone_bringup
[0.207s] Invoking command in '/home/nobel/drone_ws/build/drone_bringup': CMAKE_PREFIX_PATH=${CMAKE_PREFIX_PATH}:/home/nobel/drone_ws/install/drone_control:/opt/ros/humble /usr/bin/cmake --build /home/nobel/drone_ws/build/drone_bringup -- -j16 -l16
[0.237s] Invoked command in '/home/nobel/drone_ws/build/drone_bringup' returned '0': CMAKE_PREFIX_PATH=${CMAKE_PREFIX_PATH}:/home/nobel/drone_ws/install/drone_control:/opt/ros/humble /usr/bin/cmake --build /home/nobel/drone_ws/build/drone_bringup -- -j16 -l16
[0.245s] Invoking command in '/home/nobel/drone_ws/build/drone_bringup': CMAKE_PREFIX_PATH=${CMAKE_PREFIX_PATH}:/home/nobel/drone_ws/install/drone_control:/opt/ros/humble /usr/bin/cmake --install /home/nobel/drone_ws/build/drone_bringup
[0.251s] -- Install configuration: ""
[0.252s] -- Execute custom install script
[0.252s] -- Symlinking: /home/nobel/drone_ws/install/drone_bringup/share/drone_bringup/launch/drone.launch.xml
[0.259s] -- Symlinking: /home/nobel/drone_ws/install/drone_bringup/share/drone_bringup/launch/multi_drone.launch.xml
[0.267s] -- Symlinking: /home/nobel/drone_ws/install/drone_bringup/share/ament_index/resource_index/package_run_dependencies/drone_bringup
[0.275s] -- Symlinking: /home/nobel/drone_ws/install/drone_bringup/share/ament_index/resource_index/parent_prefix_path/drone_bringup
[0.283s] -- Symlinking: /home/nobel/drone_ws/install/drone_bringup/share/drone_bringup/environment/ament_prefix_path.sh
[0.292s] -- Symlinking: /home/nobel/drone_ws/install/drone_bringup/share/drone_bringup/environment/ament_prefix_path.dsv
[0.300s] -- Symlinking: /home/nobel/drone_ws/install/drone_bringup/share/drone_bringup/environment/path.sh
[0.308s] -- Symlinking: /home/nobel/drone_ws/install/drone_bringup/share/drone_bringup/environment/path.dsv
[0.317s] -- Symlinking: /home/nobel/drone_ws/install/drone_bringup/share/drone_bringup/local_setup.bash
[0.322s] -- Symlinking: /home/nobel/drone_ws/install/drone_bringup/share/drone_bringup/local_setup.sh
[0.331s] -- Symlinking: /home/nobel/drone_ws/install/drone_bringup/share/drone_bringup/local_setup.zsh
[0.339s] -- Symlinking: /home/nobel/drone_ws/install/drone_bringup/share/drone_bringup/local_setup.dsv
[0.345s] -- Symlinking: /home/nobel/drone_ws/install/drone_bringup/share/drone_bringup/package.dsv
[0.352s] -- Symlinking: /home/nobel/drone_ws/install/drone_bringup/share/ament_index/resource_index/packages/drone_bringup
[0.359s] -- Symlinking: /home/nobel/drone_ws/install/drone_bringup/share/drone_bringup/cmake/drone_bringupConfig.cmake
[0.366s] -- Symlinking: /home/nobel/drone_ws/install/drone_bringup/share/drone_bringup/cmake/drone_bringupConfig-version.cmake
[0.374s] -- Symlinking: /home/nobel/drone_ws/install/drone_bringup/share/drone_bringup/package.xml
[0.383s] Invoked command in '/home/nobel/drone_ws/build/drone_bringup' returned '0': CMAKE_PREFIX_PATH=${CMAKE_PREFIX_PATH}:/home/nobel/drone_ws/install/drone_control:/opt/ros/humble /usr/bin/cmake --install /home/nobel/drone_ws/build/drone_bringup
